<?xml version="1.0" encoding="UTF-8"?>
<testsuites name="BO_TS002_CollectionCenter_View" time="31.173" tests="3" failures="0" skips="0" errors="1">
   <testsuite name="BO_TS002_CollectionCenter_View" tests="3" failures="0" errors="1" time="31.173" skips="0" timestamp="2022-10-24 17:42:57" hostname="carlcarriedo - 192.168.1.2" id="Test Suites/BackOffice_Functional_Tests/BO_TS002_CollectionCenter_View">
      <properties>
         <property name="deviceName" value=""/>
         <property name="devicePlatform" value=""/>
         <property name="logFolder" value="/Users/carlcarriedo/git/kayamo-automation/Reports/20221024_174238/BackOffice_Functional_Tests/BO_TS002_CollectionCenter_View/20221024_174238"/>
         <property name="logFiles" value="/Users/carlcarriedo/git/kayamo-automation/Reports/20221024_174238/BackOffice_Functional_Tests/BO_TS002_CollectionCenter_View/20221024_174238/execution0.log"/>
         <property name="attachments" value="/Users/carlcarriedo/git/kayamo-automation/Reports/20221024_174238/BackOffice_Functional_Tests/BO_TS002_CollectionCenter_View/20221024_174238/1666604597273.png, /Users/carlcarriedo/git/kayamo-automation/Reports/20221024_174238/BackOffice_Functional_Tests/BO_TS002_CollectionCenter_View/20221024_174238/1666604598877.png, /Users/carlcarriedo/git/kayamo-automation/Reports/20221024_174238/BackOffice_Functional_Tests/BO_TS002_CollectionCenter_View/20221024_174238/1666604604794.png"/>
         <property name="hostName" value="carlcarriedo - 192.168.1.2"/>
         <property name="os" value="Mac OS X 64bit"/>
         <property name="katalonVersion" value="7.8.2.208"/>
         <property name="browser" value="Chrome 106.0.0.0"/>
         <property name="hostAddress" value="192.168.1.2"/>
         <property name="sessionId" value="a65c49b42b162a4cb5b0e83058f2fc4a"/>
         <property name="seleniumVersion" value="3.141.59"/>
         <property name="proxyInformation" value="ProxyInformation { proxyOption=NO_PROXY, proxyServerType=HTTP, username=, password=********, proxyServerAddress=, proxyServerPort=0, executionList=&quot;&quot;, isApplyToDesiredCapabilities=true }"/>
         <property name="platform" value="Mac OS X"/>
      </properties>
      <testcase name="Test Cases/BackOffice_Functional/BO_Login" time="19.823" classname="Test Cases/BackOffice_Functional/BO_Login" status="PASSED">
         <system-out><![CDATA[2022-10-24 17:42:58 - [TEST_CASE][PASSED] - Test Cases/BackOffice_Functional/BO_Login: Test Cases/BackOffice_Functional/BO_Login

2022-10-24 17:42:58 - [TEST_STEP][PASSED] - openBrowser(""): Browser is opened with url: ''

2022-10-24 17:42:58 - [MESSAGE][INFO] - Starting 'Chrome' driver

2022-10-24 17:42:58 - [MESSAGE][INFO] - Action delay is set to 0 milliseconds

2022-10-24 17:43:04 - [MESSAGE][PASSED] - Browser is opened with url: ''

2022-10-24 17:43:04 - [TEST_STEP][PASSED] - maximizeWindow(): Current window maximized

2022-10-24 17:43:04 - [MESSAGE][PASSED] - Current window maximized

2022-10-24 17:43:05 - [TEST_STEP][PASSED] - navigateToUrl(url): Navigate to 'https://uat-admin.kayamo.com.ph/auth/login' successfully

2022-10-24 17:43:09 - [MESSAGE][PASSED] - Navigate to 'https://uat-admin.kayamo.com.ph/auth/login' successfully

2022-10-24 17:43:09 - [TEST_STEP][PASSED] - verifyElementPresent(findTestObject("BackOffice/Login_Logout/input_Username"), 0): Object 'Object Repository/BackOffice/Login_Logout/input_Username' is present

2022-10-24 17:43:10 - [MESSAGE][WARNING] - Timeout '0' is invalid. Using default page load timeout: '30'

2022-10-24 17:43:10 - [MESSAGE][PASSED] - Object 'Object Repository/BackOffice/Login_Logout/input_Username' is present

2022-10-24 17:43:10 - [TEST_STEP][PASSED] - setText(findTestObject("Object Repository/BackOffice/Login_Logout/input_Username"), username): Text 'kayamo888' is set on object 'Object Repository/BackOffice/Login_Logout/input_Username'

2022-10-24 17:43:11 - [MESSAGE][PASSED] - Text 'kayamo888' is set on object 'Object Repository/BackOffice/Login_Logout/input_Username'

2022-10-24 17:43:11 - [TEST_STEP][PASSED] - verifyElementPresent(findTestObject("BackOffice/Login_Logout/input_Password"), 0): Object 'Object Repository/BackOffice/Login_Logout/input_Password' is present

2022-10-24 17:43:11 - [MESSAGE][WARNING] - Timeout '0' is invalid. Using default page load timeout: '30'

2022-10-24 17:43:11 - [MESSAGE][PASSED] - Object 'Object Repository/BackOffice/Login_Logout/input_Password' is present

2022-10-24 17:43:11 - [TEST_STEP][PASSED] - setText(findTestObject("Object Repository/BackOffice/Login_Logout/input_Password"), password): Text 'KingBadger' is set on object 'Object Repository/BackOffice/Login_Logout/input_Password'

2022-10-24 17:43:12 - [MESSAGE][PASSED] - Text 'KingBadger' is set on object 'Object Repository/BackOffice/Login_Logout/input_Password'

2022-10-24 17:43:12 - [TEST_STEP][PASSED] - click(findTestObject("Object Repository/BackOffice/Login_Logout/button_Login")): Object: 'Object Repository/BackOffice/Login_Logout/button_Login' is clicked on

2022-10-24 17:43:15 - [MESSAGE][PASSED] - Object: 'Object Repository/BackOffice/Login_Logout/button_Login' is clicked on

2022-10-24 17:43:15 - [TEST_STEP][PASSED] - verifyElementText(findTestObject("BackOffice/Login_Logout/profile_Name"), profile_name): Actual text and expected text of test object 'Object Repository/BackOffice/Login_Logout/profile_Name' are matched.

2022-10-24 17:43:16 - [MESSAGE][PASSED] - Actual text and expected text of test object 'Object Repository/BackOffice/Login_Logout/profile_Name' are matched.

2022-10-24 17:43:16 - [TEST_STEP][PASSED] - takeScreenshot(): Taking screenshot successfully

2022-10-24 17:43:18 - [MESSAGE][PASSED] - Taking screenshot successfully
[[ATTACHMENT|/Users/carlcarriedo/git/kayamo-automation/Reports/20221024_174238/BackOffice_Functional_Tests/BO_TS002_CollectionCenter_View/20221024_174238/1666604597273.png]]]]></system-out>
         <system-err><![CDATA[]]></system-err>
      </testcase>
      <testcase name="Test Cases/BackOffice_Functional/BO_TC002_CollectionCenter_View" time="7.092" classname="Test Cases/BackOffice_Functional/BO_TC002_CollectionCenter_View" status="ERROR">
         <error type="ERROR" message="Test Cases/BackOffice_Functional/BO_TC002_CollectionCenter_View FAILED.
Reason:
groovy.lang.MissingMethodException: No signature of method: static com.kms.katalon.core.testobject.ObjectRepository.findTestObject() is applicable for argument types: (com.kms.katalon.core.testobject.TestObject) values: [TestObject - 'Object Repository/BackOffice/BO_Merchant_Loan_Center/table_Loan_Number']
Possible solutions: findTestObject(java.lang.String), findTestObject(java.lang.String, java.util.Map)
	at BO_TC002_CollectionCenter_View.run(BO_TC002_CollectionCenter_View:35)
	at com.kms.katalon.core.main.ScriptEngine.run(ScriptEngine.java:194)
	at com.kms.katalon.core.main.ScriptEngine.runScriptAsRawText(ScriptEngine.java:119)
	at com.kms.katalon.core.main.TestCaseExecutor.runScript(TestCaseExecutor.java:394)
	at com.kms.katalon.core.main.TestCaseExecutor.doExecute(TestCaseExecutor.java:385)
	at com.kms.katalon.core.main.TestCaseExecutor.processExecutionPhase(TestCaseExecutor.java:364)
	at com.kms.katalon.core.main.TestCaseExecutor.accessMainPhase(TestCaseExecutor.java:356)
	at com.kms.katalon.core.main.TestCaseExecutor.execute(TestCaseExecutor.java:251)
	at com.kms.katalon.core.main.TestSuiteExecutor.accessTestCaseMainPhase(TestSuiteExecutor.java:203)
	at com.kms.katalon.core.main.TestSuiteExecutor.accessTestSuiteMainPhase(TestSuiteExecutor.java:152)
	at com.kms.katalon.core.main.TestSuiteExecutor.execute(TestSuiteExecutor.java:95)
	at com.kms.katalon.core.main.TestCaseMain.startTestSuite(TestCaseMain.java:157)
	at com.kms.katalon.core.main.TestCaseMain$startTestSuite$0.call(Unknown Source)
	at TempTestSuite1666604558945.run(TempTestSuite1666604558945.groovy:39)
"/>
         <system-out><![CDATA[2022-10-24 17:43:18 - [TEST_CASE][ERROR] - Test Cases/BackOffice_Functional/BO_TC002_CollectionCenter_View: Test Cases/BackOffice_Functional/BO_TC002_CollectionCenter_View FAILED.
Reason:
groovy.lang.MissingMethodException: No signature of method: static com.kms.katalon.core.testobject.ObjectRepository.findTestObject() is applicable for argument types: (com.kms.katalon.core.testobject.TestObject) values: [TestObject - 'Object Repository/BackOffice/BO_Merchant_Loan_Center/table_Loan_Number']
Possible solutions: findTestObject(java.lang.String), findTestObject(java.lang.String, java.util.Map)
	at BO_TC002_CollectionCenter_View.run(BO_TC002_CollectionCenter_View:35)
	at com.kms.katalon.core.main.ScriptEngine.run(ScriptEngine.java:194)
	at com.kms.katalon.core.main.ScriptEngine.runScriptAsRawText(ScriptEngine.java:119)
	at com.kms.katalon.core.main.TestCaseExecutor.runScript(TestCaseExecutor.java:394)
	at com.kms.katalon.core.main.TestCaseExecutor.doExecute(TestCaseExecutor.java:385)
	at com.kms.katalon.core.main.TestCaseExecutor.processExecutionPhase(TestCaseExecutor.java:364)
	at com.kms.katalon.core.main.TestCaseExecutor.accessMainPhase(TestCaseExecutor.java:356)
	at com.kms.katalon.core.main.TestCaseExecutor.execute(TestCaseExecutor.java:251)
	at com.kms.katalon.core.main.TestSuiteExecutor.accessTestCaseMainPhase(TestSuiteExecutor.java:203)
	at com.kms.katalon.core.main.TestSuiteExecutor.accessTestSuiteMainPhase(TestSuiteExecutor.java:152)
	at com.kms.katalon.core.main.TestSuiteExecutor.execute(TestSuiteExecutor.java:95)
	at com.kms.katalon.core.main.TestCaseMain.startTestSuite(TestCaseMain.java:157)
	at com.kms.katalon.core.main.TestCaseMain$startTestSuite$0.call(Unknown Source)
	at TempTestSuite1666604558945.run(TempTestSuite1666604558945.groovy:39)


2022-10-24 17:43:18 - [TEST_STEP][PASSED] - takeScreenshot(): Taking screenshot successfully

2022-10-24 17:43:19 - [MESSAGE][PASSED] - Taking screenshot successfully
[[ATTACHMENT|/Users/carlcarriedo/git/kayamo-automation/Reports/20221024_174238/BackOffice_Functional_Tests/BO_TS002_CollectionCenter_View/20221024_174238/1666604598877.png]]

2022-10-24 17:43:19 - [TEST_STEP][PASSED] - click(findTestObject("Object Repository/BackOffice/BO_Collection_Center/menu_Collection center")): Object: 'Object Repository/BackOffice/BO_Collection_Center/menu_Collection center' is clicked on

2022-10-24 17:43:19 - [MESSAGE][PASSED] - Object: 'Object Repository/BackOffice/BO_Collection_Center/menu_Collection center' is clicked on

2022-10-24 17:43:19 - [TEST_STEP][PASSED] - click(findTestObject("Object Repository/BackOffice/BO_Collection_Center/submenu_All cases")): Object: 'Object Repository/BackOffice/BO_Collection_Center/submenu_All cases' is clicked on

2022-10-24 17:43:21 - [MESSAGE][PASSED] - Object: 'Object Repository/BackOffice/BO_Collection_Center/submenu_All cases' is clicked on

2022-10-24 17:43:21 - [TEST_STEP][PASSED] - setText(findTestObject("Object Repository/BackOffice/BO_Collection_Center/input_Loan_Number"), loan_number): Text '9849' is set on object 'Object Repository/BackOffice/BO_Collection_Center/input_Loan_Number'

2022-10-24 17:43:22 - [MESSAGE][PASSED] - Text '9849' is set on object 'Object Repository/BackOffice/BO_Collection_Center/input_Loan_Number'

2022-10-24 17:43:22 - [TEST_STEP][PASSED] - click(findTestObject("Object Repository/BackOffice/BO_Collection_Center/button_Search")): Object: 'Object Repository/BackOffice/BO_Collection_Center/button_Search' is clicked on

2022-10-24 17:43:24 - [MESSAGE][PASSED] - Object: 'Object Repository/BackOffice/BO_Collection_Center/button_Search' is clicked on

2022-10-24 17:43:24 - [TEST_STEP][PASSED] - takeScreenshot(): Taking screenshot successfully

2022-10-24 17:43:25 - [MESSAGE][PASSED] - Taking screenshot successfully
[[ATTACHMENT|/Users/carlcarriedo/git/kayamo-automation/Reports/20221024_174238/BackOffice_Functional_Tests/BO_TS002_CollectionCenter_View/20221024_174238/1666604604794.png]]

2022-10-24 17:43:25 - [TEST_STEP][PASSED] - verifyElementPresent(findTestObject(findTestObject("BackOffice/BO_Merchant_Loan_Center/table_Loan_Number", ["table_loan_number":table_loan_number])), 5): null]]></system-out>
         <system-err><![CDATA[2022-10-24 17:43:18 - [TEST_CASE][ERROR] - Test Cases/BackOffice_Functional/BO_TC002_CollectionCenter_View: Test Cases/BackOffice_Functional/BO_TC002_CollectionCenter_View FAILED.
Reason:
groovy.lang.MissingMethodException: No signature of method: static com.kms.katalon.core.testobject.ObjectRepository.findTestObject() is applicable for argument types: (com.kms.katalon.core.testobject.TestObject) values: [TestObject - 'Object Repository/BackOffice/BO_Merchant_Loan_Center/table_Loan_Number']
Possible solutions: findTestObject(java.lang.String), findTestObject(java.lang.String, java.util.Map)
	at BO_TC002_CollectionCenter_View.run(BO_TC002_CollectionCenter_View:35)
	at com.kms.katalon.core.main.ScriptEngine.run(ScriptEngine.java:194)
	at com.kms.katalon.core.main.ScriptEngine.runScriptAsRawText(ScriptEngine.java:119)
	at com.kms.katalon.core.main.TestCaseExecutor.runScript(TestCaseExecutor.java:394)
	at com.kms.katalon.core.main.TestCaseExecutor.doExecute(TestCaseExecutor.java:385)
	at com.kms.katalon.core.main.TestCaseExecutor.processExecutionPhase(TestCaseExecutor.java:364)
	at com.kms.katalon.core.main.TestCaseExecutor.accessMainPhase(TestCaseExecutor.java:356)
	at com.kms.katalon.core.main.TestCaseExecutor.execute(TestCaseExecutor.java:251)
	at com.kms.katalon.core.main.TestSuiteExecutor.accessTestCaseMainPhase(TestSuiteExecutor.java:203)
	at com.kms.katalon.core.main.TestSuiteExecutor.accessTestSuiteMainPhase(TestSuiteExecutor.java:152)
	at com.kms.katalon.core.main.TestSuiteExecutor.execute(TestSuiteExecutor.java:95)
	at com.kms.katalon.core.main.TestCaseMain.startTestSuite(TestCaseMain.java:157)
	at com.kms.katalon.core.main.TestCaseMain$startTestSuite$0.call(Unknown Source)
	at TempTestSuite1666604558945.run(TempTestSuite1666604558945.groovy:39)]]></system-err>
      </testcase>
      <testcase name="Test Cases/BackOffice_Functional/BO_Logout" time="2.432" classname="Test Cases/BackOffice_Functional/BO_Logout" status="PASSED">
         <system-out><![CDATA[2022-10-24 17:43:25 - [TEST_CASE][PASSED] - Test Cases/BackOffice_Functional/BO_Logout: Test Cases/BackOffice_Functional/BO_Logout

2022-10-24 17:43:25 - [TEST_STEP][PASSED] - click(findTestObject("BackOffice/Login_Logout/profile_icon")): Object: 'Object Repository/BackOffice/Login_Logout/profile_icon' is clicked on

2022-10-24 17:43:26 - [MESSAGE][PASSED] - Object: 'Object Repository/BackOffice/Login_Logout/profile_icon' is clicked on

2022-10-24 17:43:26 - [TEST_STEP][PASSED] - click(findTestObject("Object Repository/BackOffice/Login_Logout/profile_logout")): Object: 'Object Repository/BackOffice/Login_Logout/profile_logout' is clicked on

2022-10-24 17:43:26 - [MESSAGE][PASSED] - Object: 'Object Repository/BackOffice/Login_Logout/profile_logout' is clicked on

2022-10-24 17:43:26 - [TEST_STEP][PASSED] - verifyElementPresent(findTestObject("BackOffice/Login_Logout/input_Username"), 0): Object 'Object Repository/BackOffice/Login_Logout/input_Username' is present

2022-10-24 17:43:26 - [MESSAGE][WARNING] - Timeout '0' is invalid. Using default page load timeout: '30'

2022-10-24 17:43:27 - [MESSAGE][PASSED] - Object 'Object Repository/BackOffice/Login_Logout/input_Username' is present

2022-10-24 17:43:27 - [TEST_STEP][PASSED] - verifyElementPresent(findTestObject("BackOffice/Login_Logout/input_Password"), 0): Object 'Object Repository/BackOffice/Login_Logout/input_Password' is present

2022-10-24 17:43:27 - [MESSAGE][WARNING] - Timeout '0' is invalid. Using default page load timeout: '30'

2022-10-24 17:43:27 - [MESSAGE][PASSED] - Object 'Object Repository/BackOffice/Login_Logout/input_Password' is present

2022-10-24 17:43:27 - [TEST_STEP][PASSED] - closeBrowser(): Browser is closed

2022-10-24 17:43:27 - [MESSAGE][PASSED] - Browser is closed]]></system-out>
         <system-err><![CDATA[]]></system-err>
      </testcase>
      <system-out><![CDATA[2022-10-24 17:42:57 - [TEST_SUITE][ERROR] - BO_TS002_CollectionCenter_View: Test Cases/BackOffice_Functional/BO_TC002_CollectionCenter_View FAILED.
Reason:
groovy.lang.MissingMethodException: No signature of method: static com.kms.katalon.core.testobject.ObjectRepository.findTestObject() is applicable for argument types: (com.kms.katalon.core.testobject.TestObject) values: [TestObject - 'Object Repository/BackOffice/BO_Merchant_Loan_Center/table_Loan_Number']
Possible solutions: findTestObject(java.lang.String), findTestObject(java.lang.String, java.util.Map)
	at BO_TC002_CollectionCenter_View.run(BO_TC002_CollectionCenter_View:35)
	at com.kms.katalon.core.main.ScriptEngine.run(ScriptEngine.java:194)
	at com.kms.katalon.core.main.ScriptEngine.runScriptAsRawText(ScriptEngine.java:119)
	at com.kms.katalon.core.main.TestCaseExecutor.runScript(TestCaseExecutor.java:394)
	at com.kms.katalon.core.main.TestCaseExecutor.doExecute(TestCaseExecutor.java:385)
	at com.kms.katalon.core.main.TestCaseExecutor.processExecutionPhase(TestCaseExecutor.java:364)
	at com.kms.katalon.core.main.TestCaseExecutor.accessMainPhase(TestCaseExecutor.java:356)
	at com.kms.katalon.core.main.TestCaseExecutor.execute(TestCaseExecutor.java:251)
	at com.kms.katalon.core.main.TestSuiteExecutor.accessTestCaseMainPhase(TestSuiteExecutor.java:203)
	at com.kms.katalon.core.main.TestSuiteExecutor.accessTestSuiteMainPhase(TestSuiteExecutor.java:152)
	at com.kms.katalon.core.main.TestSuiteExecutor.execute(TestSuiteExecutor.java:95)
	at com.kms.katalon.core.main.TestCaseMain.startTestSuite(TestCaseMain.java:157)
	at com.kms.katalon.core.main.TestCaseMain$startTestSuite$0.call(Unknown Source)
	at TempTestSuite1666604558945.run(TempTestSuite1666604558945.groovy:39)]]></system-out>
      <system-err><![CDATA[2022-10-24 17:42:57 - [TEST_SUITE][ERROR] - BO_TS002_CollectionCenter_View: Test Cases/BackOffice_Functional/BO_TC002_CollectionCenter_View FAILED.
Reason:
groovy.lang.MissingMethodException: No signature of method: static com.kms.katalon.core.testobject.ObjectRepository.findTestObject() is applicable for argument types: (com.kms.katalon.core.testobject.TestObject) values: [TestObject - 'Object Repository/BackOffice/BO_Merchant_Loan_Center/table_Loan_Number']
Possible solutions: findTestObject(java.lang.String), findTestObject(java.lang.String, java.util.Map)
	at BO_TC002_CollectionCenter_View.run(BO_TC002_CollectionCenter_View:35)
	at com.kms.katalon.core.main.ScriptEngine.run(ScriptEngine.java:194)
	at com.kms.katalon.core.main.ScriptEngine.runScriptAsRawText(ScriptEngine.java:119)
	at com.kms.katalon.core.main.TestCaseExecutor.runScript(TestCaseExecutor.java:394)
	at com.kms.katalon.core.main.TestCaseExecutor.doExecute(TestCaseExecutor.java:385)
	at com.kms.katalon.core.main.TestCaseExecutor.processExecutionPhase(TestCaseExecutor.java:364)
	at com.kms.katalon.core.main.TestCaseExecutor.accessMainPhase(TestCaseExecutor.java:356)
	at com.kms.katalon.core.main.TestCaseExecutor.execute(TestCaseExecutor.java:251)
	at com.kms.katalon.core.main.TestSuiteExecutor.accessTestCaseMainPhase(TestSuiteExecutor.java:203)
	at com.kms.katalon.core.main.TestSuiteExecutor.accessTestSuiteMainPhase(TestSuiteExecutor.java:152)
	at com.kms.katalon.core.main.TestSuiteExecutor.execute(TestSuiteExecutor.java:95)
	at com.kms.katalon.core.main.TestCaseMain.startTestSuite(TestCaseMain.java:157)
	at com.kms.katalon.core.main.TestCaseMain$startTestSuite$0.call(Unknown Source)
	at TempTestSuite1666604558945.run(TempTestSuite1666604558945.groovy:39)]]></system-err>
   </testsuite>
</testsuites>
