<?xml version="1.0" encoding="UTF-8"?>
<testsuites name="BO_TS002_CollectionCenter_View" time="58.693" tests="3" failures="1" skips="0" errors="0">
   <testsuite name="BO_TS002_CollectionCenter_View" tests="3" failures="1" errors="0" time="58.693" skips="0" timestamp="2022-10-24 14:14:51" hostname="carlcarriedo - 192.168.1.2" id="Test Suites/BackOffice_Functional_Tests/BO_TS002_CollectionCenter_View">
      <properties>
         <property name="deviceName" value=""/>
         <property name="devicePlatform" value=""/>
         <property name="logFolder" value="/Users/carlcarriedo/git/kayamo-automation/Reports/20221024_141433/BackOffice_Functional_Tests/BO_TS002_CollectionCenter_View/20221024_141433"/>
         <property name="logFiles" value="/Users/carlcarriedo/git/kayamo-automation/Reports/20221024_141433/BackOffice_Functional_Tests/BO_TS002_CollectionCenter_View/20221024_141433/execution0.log"/>
         <property name="attachments" value="/Users/carlcarriedo/git/kayamo-automation/Reports/20221024_141433/BackOffice_Functional_Tests/BO_TS002_CollectionCenter_View/20221024_141433/1666592110147.png, /Users/carlcarriedo/git/kayamo-automation/Reports/20221024_141433/BackOffice_Functional_Tests/BO_TS002_CollectionCenter_View/20221024_141433/1666592111580.png, /Users/carlcarriedo/git/kayamo-automation/Reports/20221024_141433/BackOffice_Functional_Tests/BO_TS002_CollectionCenter_View/20221024_141433/1666592146099.png"/>
         <property name="hostName" value="carlcarriedo - 192.168.1.2"/>
         <property name="os" value="Mac OS X 64bit"/>
         <property name="katalonVersion" value="7.8.2.208"/>
         <property name="browser" value="Chrome 106.0.0.0"/>
         <property name="hostAddress" value="192.168.1.2"/>
         <property name="sessionId" value="a4882f615798a52a3550c122fec1921e"/>
         <property name="seleniumVersion" value="3.141.59"/>
         <property name="proxyInformation" value="ProxyInformation { proxyOption=NO_PROXY, proxyServerType=HTTP, username=, password=********, proxyServerAddress=, proxyServerPort=0, executionList=&quot;&quot;, isApplyToDesiredCapabilities=true }"/>
         <property name="platform" value="Mac OS X"/>
      </properties>
      <testcase name="Test Cases/BackOffice_Functional/BO_Login" time="18.6" classname="Test Cases/BackOffice_Functional/BO_Login" status="PASSED">
         <system-out><![CDATA[2022-10-24 14:14:51 - [TEST_CASE][PASSED] - Test Cases/BackOffice_Functional/BO_Login: Test Cases/BackOffice_Functional/BO_Login

2022-10-24 14:14:52 - [TEST_STEP][PASSED] - openBrowser(""): Browser is opened with url: ''

2022-10-24 14:14:52 - [MESSAGE][INFO] - Starting 'Chrome' driver

2022-10-24 14:14:52 - [MESSAGE][INFO] - Action delay is set to 0 milliseconds

2022-10-24 14:14:58 - [MESSAGE][PASSED] - Browser is opened with url: ''

2022-10-24 14:14:58 - [TEST_STEP][PASSED] - maximizeWindow(): Current window maximized

2022-10-24 14:14:58 - [MESSAGE][PASSED] - Current window maximized

2022-10-24 14:14:58 - [TEST_STEP][PASSED] - navigateToUrl(url): Navigate to 'https://uat-admin.kayamo.com.ph/auth/login' successfully

2022-10-24 14:15:01 - [MESSAGE][PASSED] - Navigate to 'https://uat-admin.kayamo.com.ph/auth/login' successfully

2022-10-24 14:15:01 - [TEST_STEP][PASSED] - verifyElementPresent(findTestObject("BackOffice/Login_Logout/input_Username"), 0): Object 'Object Repository/BackOffice/Login_Logout/input_Username' is present

2022-10-24 14:15:01 - [MESSAGE][WARNING] - Timeout '0' is invalid. Using default page load timeout: '30'

2022-10-24 14:15:02 - [MESSAGE][PASSED] - Object 'Object Repository/BackOffice/Login_Logout/input_Username' is present

2022-10-24 14:15:02 - [TEST_STEP][PASSED] - setText(findTestObject("Object Repository/BackOffice/Login_Logout/input_Username"), username): Text 'kayamo888' is set on object 'Object Repository/BackOffice/Login_Logout/input_Username'

2022-10-24 14:15:03 - [MESSAGE][PASSED] - Text 'kayamo888' is set on object 'Object Repository/BackOffice/Login_Logout/input_Username'

2022-10-24 14:15:03 - [TEST_STEP][PASSED] - verifyElementPresent(findTestObject("BackOffice/Login_Logout/input_Password"), 0): Object 'Object Repository/BackOffice/Login_Logout/input_Password' is present

2022-10-24 14:15:03 - [MESSAGE][WARNING] - Timeout '0' is invalid. Using default page load timeout: '30'

2022-10-24 14:15:03 - [MESSAGE][PASSED] - Object 'Object Repository/BackOffice/Login_Logout/input_Password' is present

2022-10-24 14:15:03 - [TEST_STEP][PASSED] - setText(findTestObject("Object Repository/BackOffice/Login_Logout/input_Password"), password): Text 'KingBadger' is set on object 'Object Repository/BackOffice/Login_Logout/input_Password'

2022-10-24 14:15:04 - [MESSAGE][PASSED] - Text 'KingBadger' is set on object 'Object Repository/BackOffice/Login_Logout/input_Password'

2022-10-24 14:15:04 - [TEST_STEP][PASSED] - click(findTestObject("Object Repository/BackOffice/Login_Logout/button_Login")): Object: 'Object Repository/BackOffice/Login_Logout/button_Login' is clicked on

2022-10-24 14:15:07 - [MESSAGE][PASSED] - Object: 'Object Repository/BackOffice/Login_Logout/button_Login' is clicked on

2022-10-24 14:15:07 - [TEST_STEP][PASSED] - verifyElementText(findTestObject("BackOffice/Login_Logout/profile_Name"), profile_name): Actual text and expected text of test object 'Object Repository/BackOffice/Login_Logout/profile_Name' are matched.

2022-10-24 14:15:08 - [MESSAGE][PASSED] - Actual text and expected text of test object 'Object Repository/BackOffice/Login_Logout/profile_Name' are matched.

2022-10-24 14:15:08 - [TEST_STEP][PASSED] - takeScreenshot(): Taking screenshot successfully

2022-10-24 14:15:10 - [MESSAGE][PASSED] - Taking screenshot successfully
[[ATTACHMENT|/Users/carlcarriedo/git/kayamo-automation/Reports/20221024_141433/BackOffice_Functional_Tests/BO_TS002_CollectionCenter_View/20221024_141433/1666592110147.png]]]]></system-out>
         <system-err><![CDATA[]]></system-err>
      </testcase>
      <testcase name="Test Cases/BackOffice_Functional/BO_TC002_CollectionCenter_View" time="35.702" classname="Test Cases/BackOffice_Functional/BO_TC002_CollectionCenter_View" status="FAILED">
         <failure type="FAILED" message="Test Cases/BackOffice_Functional/BO_TC002_CollectionCenter_View FAILED.
Reason:
com.kms.katalon.core.exception.StepFailedException: Unable to set text '9849' of object 'Object Repository/BackOffice/BO_Collection_Center/input_Loan_Number'
	at com.kms.katalon.core.webui.keyword.internal.WebUIKeywordMain.stepFailed(WebUIKeywordMain.groovy:64)
	at com.kms.katalon.core.webui.keyword.internal.WebUIKeywordMain.runKeyword(WebUIKeywordMain.groovy:26)
	at com.kms.katalon.core.webui.keyword.builtin.SetTextKeyword.setText(SetTextKeyword.groovy:66)
	at com.kms.katalon.core.webui.keyword.builtin.SetTextKeyword.execute(SetTextKeyword.groovy:37)
	at com.kms.katalon.core.keyword.internal.KeywordExecutor.executeKeywordForPlatform(KeywordExecutor.groovy:73)
	at com.kms.katalon.core.webui.keyword.WebUiBuiltInKeywords.setText(WebUiBuiltInKeywords.groovy:977)
	at com.kms.katalon.core.webui.keyword.WebUiBuiltInKeywords$setText$3.call(Unknown Source)
	at BO_TC002_CollectionCenter_View.run(BO_TC002_CollectionCenter_View:29)
	at com.kms.katalon.core.main.ScriptEngine.run(ScriptEngine.java:194)
	at com.kms.katalon.core.main.ScriptEngine.runScriptAsRawText(ScriptEngine.java:119)
	at com.kms.katalon.core.main.TestCaseExecutor.runScript(TestCaseExecutor.java:394)
	at com.kms.katalon.core.main.TestCaseExecutor.doExecute(TestCaseExecutor.java:385)
	at com.kms.katalon.core.main.TestCaseExecutor.processExecutionPhase(TestCaseExecutor.java:364)
	at com.kms.katalon.core.main.TestCaseExecutor.accessMainPhase(TestCaseExecutor.java:356)
	at com.kms.katalon.core.main.TestCaseExecutor.execute(TestCaseExecutor.java:251)
	at com.kms.katalon.core.main.TestSuiteExecutor.accessTestCaseMainPhase(TestSuiteExecutor.java:203)
	at com.kms.katalon.core.main.TestSuiteExecutor.accessTestSuiteMainPhase(TestSuiteExecutor.java:152)
	at com.kms.katalon.core.main.TestSuiteExecutor.execute(TestSuiteExecutor.java:95)
	at com.kms.katalon.core.main.TestCaseMain.startTestSuite(TestCaseMain.java:157)
	at com.kms.katalon.core.main.TestCaseMain$startTestSuite$0.call(Unknown Source)
	at TempTestSuite1666592073062.run(TempTestSuite1666592073062.groovy:39)
Caused by: com.kms.katalon.core.webui.exception.WebElementNotFoundException: Web element with id: 'Object Repository/BackOffice/BO_Collection_Center/input_Loan_Number' located by '' not found
	at com.kms.katalon.core.webui.common.WebUiCommonHelper.findWebElement(WebUiCommonHelper.java:1369)
	at com.kms.katalon.core.webui.keyword.internal.WebUIAbstractKeyword.findWebElement(WebUIAbstractKeyword.groovy:27)
	at com.kms.katalon.core.webui.keyword.internal.WebUIAbstractKeyword.findWebElement(WebUIAbstractKeyword.groovy:26)
	at com.kms.katalon.core.webui.keyword.builtin.SetTextKeyword$_setText_closure1.doCall(SetTextKeyword.groovy:51)
	at com.kms.katalon.core.webui.keyword.builtin.SetTextKeyword$_setText_closure1.call(SetTextKeyword.groovy)
	at com.kms.katalon.core.webui.keyword.internal.WebUIKeywordMain.runKeyword(WebUIKeywordMain.groovy:20)
	... 19 more
"/>
         <system-out><![CDATA[2022-10-24 14:15:10 - [TEST_CASE][FAILED] - Test Cases/BackOffice_Functional/BO_TC002_CollectionCenter_View: Test Cases/BackOffice_Functional/BO_TC002_CollectionCenter_View FAILED.
Reason:
com.kms.katalon.core.exception.StepFailedException: Unable to set text '9849' of object 'Object Repository/BackOffice/BO_Collection_Center/input_Loan_Number'
	at com.kms.katalon.core.webui.keyword.internal.WebUIKeywordMain.stepFailed(WebUIKeywordMain.groovy:64)
	at com.kms.katalon.core.webui.keyword.internal.WebUIKeywordMain.runKeyword(WebUIKeywordMain.groovy:26)
	at com.kms.katalon.core.webui.keyword.builtin.SetTextKeyword.setText(SetTextKeyword.groovy:66)
	at com.kms.katalon.core.webui.keyword.builtin.SetTextKeyword.execute(SetTextKeyword.groovy:37)
	at com.kms.katalon.core.keyword.internal.KeywordExecutor.executeKeywordForPlatform(KeywordExecutor.groovy:73)
	at com.kms.katalon.core.webui.keyword.WebUiBuiltInKeywords.setText(WebUiBuiltInKeywords.groovy:977)
	at com.kms.katalon.core.webui.keyword.WebUiBuiltInKeywords$setText$3.call(Unknown Source)
	at BO_TC002_CollectionCenter_View.run(BO_TC002_CollectionCenter_View:29)
	at com.kms.katalon.core.main.ScriptEngine.run(ScriptEngine.java:194)
	at com.kms.katalon.core.main.ScriptEngine.runScriptAsRawText(ScriptEngine.java:119)
	at com.kms.katalon.core.main.TestCaseExecutor.runScript(TestCaseExecutor.java:394)
	at com.kms.katalon.core.main.TestCaseExecutor.doExecute(TestCaseExecutor.java:385)
	at com.kms.katalon.core.main.TestCaseExecutor.processExecutionPhase(TestCaseExecutor.java:364)
	at com.kms.katalon.core.main.TestCaseExecutor.accessMainPhase(TestCaseExecutor.java:356)
	at com.kms.katalon.core.main.TestCaseExecutor.execute(TestCaseExecutor.java:251)
	at com.kms.katalon.core.main.TestSuiteExecutor.accessTestCaseMainPhase(TestSuiteExecutor.java:203)
	at com.kms.katalon.core.main.TestSuiteExecutor.accessTestSuiteMainPhase(TestSuiteExecutor.java:152)
	at com.kms.katalon.core.main.TestSuiteExecutor.execute(TestSuiteExecutor.java:95)
	at com.kms.katalon.core.main.TestCaseMain.startTestSuite(TestCaseMain.java:157)
	at com.kms.katalon.core.main.TestCaseMain$startTestSuite$0.call(Unknown Source)
	at TempTestSuite1666592073062.run(TempTestSuite1666592073062.groovy:39)
Caused by: com.kms.katalon.core.webui.exception.WebElementNotFoundException: Web element with id: 'Object Repository/BackOffice/BO_Collection_Center/input_Loan_Number' located by '' not found
	at com.kms.katalon.core.webui.common.WebUiCommonHelper.findWebElement(WebUiCommonHelper.java:1369)
	at com.kms.katalon.core.webui.keyword.internal.WebUIAbstractKeyword.findWebElement(WebUIAbstractKeyword.groovy:27)
	at com.kms.katalon.core.webui.keyword.internal.WebUIAbstractKeyword.findWebElement(WebUIAbstractKeyword.groovy:26)
	at com.kms.katalon.core.webui.keyword.builtin.SetTextKeyword$_setText_closure1.doCall(SetTextKeyword.groovy:51)
	at com.kms.katalon.core.webui.keyword.builtin.SetTextKeyword$_setText_closure1.call(SetTextKeyword.groovy)
	at com.kms.katalon.core.webui.keyword.internal.WebUIKeywordMain.runKeyword(WebUIKeywordMain.groovy:20)
	... 19 more


2022-10-24 14:15:11 - [TEST_STEP][PASSED] - takeScreenshot(): Taking screenshot successfully

2022-10-24 14:15:11 - [MESSAGE][PASSED] - Taking screenshot successfully
[[ATTACHMENT|/Users/carlcarriedo/git/kayamo-automation/Reports/20221024_141433/BackOffice_Functional_Tests/BO_TS002_CollectionCenter_View/20221024_141433/1666592111580.png]]

2022-10-24 14:15:11 - [TEST_STEP][PASSED] - click(findTestObject("Object Repository/BackOffice/BO_Collection_Center/menu_Collection center")): Object: 'Object Repository/BackOffice/BO_Collection_Center/menu_Collection center' is clicked on

2022-10-24 14:15:12 - [MESSAGE][PASSED] - Object: 'Object Repository/BackOffice/BO_Collection_Center/menu_Collection center' is clicked on

2022-10-24 14:15:12 - [TEST_STEP][PASSED] - click(findTestObject("Object Repository/BackOffice/BO_Collection_Center/submenu_All cases")): Object: 'Object Repository/BackOffice/BO_Collection_Center/submenu_All cases' is clicked on

2022-10-24 14:15:14 - [MESSAGE][PASSED] - Object: 'Object Repository/BackOffice/BO_Collection_Center/submenu_All cases' is clicked on

2022-10-24 14:15:14 - [TEST_STEP][FAILED] - setText(findTestObject("Object Repository/BackOffice/BO_Collection_Center/input_Loan_Number"), loan_number): Unable to set text '9849' of object 'Object Repository/BackOffice/BO_Collection_Center/input_Loan_Number' (Root cause: com.kms.katalon.core.exception.StepFailedException: Unable to set text '9849' of object 'Object Repository/BackOffice/BO_Collection_Center/input_Loan_Number'
	at com.kms.katalon.core.webui.keyword.internal.WebUIKeywordMain.stepFailed(WebUIKeywordMain.groovy:64)
	at com.kms.katalon.core.webui.keyword.internal.WebUIKeywordMain.runKeyword(WebUIKeywordMain.groovy:26)
	at com.kms.katalon.core.webui.keyword.builtin.SetTextKeyword.setText(SetTextKeyword.groovy:66)
	at com.kms.katalon.core.webui.keyword.builtin.SetTextKeyword.execute(SetTextKeyword.groovy:37)
	at com.kms.katalon.core.keyword.internal.KeywordExecutor.executeKeywordForPlatform(KeywordExecutor.groovy:73)
	at com.kms.katalon.core.webui.keyword.WebUiBuiltInKeywords.setText(WebUiBuiltInKeywords.groovy:977)
	at com.kms.katalon.core.webui.keyword.WebUiBuiltInKeywords$setText$3.call(Unknown Source)
	at BO_TC002_CollectionCenter_View.run(BO_TC002_CollectionCenter_View:29)
	at com.kms.katalon.core.main.ScriptEngine.run(ScriptEngine.java:194)
	at com.kms.katalon.core.main.ScriptEngine.runScriptAsRawText(ScriptEngine.java:119)
	at com.kms.katalon.core.main.TestCaseExecutor.runScript(TestCaseExecutor.java:394)
	at com.kms.katalon.core.main.TestCaseExecutor.doExecute(TestCaseExecutor.java:385)
	at com.kms.katalon.core.main.TestCaseExecutor.processExecutionPhase(TestCaseExecutor.java:364)
	at com.kms.katalon.core.main.TestCaseExecutor.accessMainPhase(TestCaseExecutor.java:356)
	at com.kms.katalon.core.main.TestCaseExecutor.execute(TestCaseExecutor.java:251)
	at com.kms.katalon.core.main.TestSuiteExecutor.accessTestCaseMainPhase(TestSuiteExecutor.java:203)
	at com.kms.katalon.core.main.TestSuiteExecutor.accessTestSuiteMainPhase(TestSuiteExecutor.java:152)
	at com.kms.katalon.core.main.TestSuiteExecutor.execute(TestSuiteExecutor.java:95)
	at com.kms.katalon.core.main.TestCaseMain.startTestSuite(TestCaseMain.java:157)
	at com.kms.katalon.core.main.TestCaseMain$startTestSuite$0.call(Unknown Source)
	at TempTestSuite1666592073062.run(TempTestSuite1666592073062.groovy:39)
Caused by: com.kms.katalon.core.webui.exception.WebElementNotFoundException: Web element with id: 'Object Repository/BackOffice/BO_Collection_Center/input_Loan_Number' located by '' not found
	at com.kms.katalon.core.webui.common.WebUiCommonHelper.findWebElement(WebUiCommonHelper.java:1369)
	at com.kms.katalon.core.webui.keyword.internal.WebUIAbstractKeyword.findWebElement(WebUIAbstractKeyword.groovy:27)
	at com.kms.katalon.core.webui.keyword.internal.WebUIAbstractKeyword.findWebElement(WebUIAbstractKeyword.groovy:26)
	at com.kms.katalon.core.webui.keyword.builtin.SetTextKeyword$_setText_closure1.doCall(SetTextKeyword.groovy:51)
	at com.kms.katalon.core.webui.keyword.builtin.SetTextKeyword$_setText_closure1.call(SetTextKeyword.groovy)
	at com.kms.katalon.core.webui.keyword.internal.WebUIKeywordMain.runKeyword(WebUIKeywordMain.groovy:20)
	at com.kms.katalon.core.webui.keyword.builtin.SetTextKeyword.setText(SetTextKeyword.groovy:66)
	at com.kms.katalon.core.webui.keyword.builtin.SetTextKeyword.execute(SetTextKeyword.groovy:37)
	at com.kms.katalon.core.keyword.internal.KeywordExecutor.executeKeywordForPlatform(KeywordExecutor.groovy:73)
	at com.kms.katalon.core.webui.keyword.WebUiBuiltInKeywords.setText(WebUiBuiltInKeywords.groovy:977)
	at com.kms.katalon.core.webui.keyword.WebUiBuiltInKeywords$setText$3.call(Unknown Source)
	at Script1665480014182.run(Script1665480014182.groovy:29)
	... 13 more
)

2022-10-24 14:15:46 - [MESSAGE][INFO] - Unable to find the element located by 'By.xpath: '. Please recheck the objects properties to make sure the desired element is located. 

2022-10-24 14:15:46 - [MESSAGE][FAILED] - Unable to set text '9849' of object 'Object Repository/BackOffice/BO_Collection_Center/input_Loan_Number' (Root cause: com.kms.katalon.core.exception.StepFailedException: Unable to set text '9849' of object 'Object Repository/BackOffice/BO_Collection_Center/input_Loan_Number'
	at com.kms.katalon.core.webui.keyword.internal.WebUIKeywordMain.stepFailed(WebUIKeywordMain.groovy:64)
	at com.kms.katalon.core.webui.keyword.internal.WebUIKeywordMain.runKeyword(WebUIKeywordMain.groovy:26)
	at com.kms.katalon.core.webui.keyword.builtin.SetTextKeyword.setText(SetTextKeyword.groovy:66)
	at com.kms.katalon.core.webui.keyword.builtin.SetTextKeyword.execute(SetTextKeyword.groovy:37)
	at com.kms.katalon.core.keyword.internal.KeywordExecutor.executeKeywordForPlatform(KeywordExecutor.groovy:73)
	at com.kms.katalon.core.webui.keyword.WebUiBuiltInKeywords.setText(WebUiBuiltInKeywords.groovy:977)
	at com.kms.katalon.core.webui.keyword.WebUiBuiltInKeywords$setText$3.call(Unknown Source)
	at BO_TC002_CollectionCenter_View.run(BO_TC002_CollectionCenter_View:29)
	at com.kms.katalon.core.main.ScriptEngine.run(ScriptEngine.java:194)
	at com.kms.katalon.core.main.ScriptEngine.runScriptAsRawText(ScriptEngine.java:119)
	at com.kms.katalon.core.main.TestCaseExecutor.runScript(TestCaseExecutor.java:394)
	at com.kms.katalon.core.main.TestCaseExecutor.doExecute(TestCaseExecutor.java:385)
	at com.kms.katalon.core.main.TestCaseExecutor.processExecutionPhase(TestCaseExecutor.java:364)
	at com.kms.katalon.core.main.TestCaseExecutor.accessMainPhase(TestCaseExecutor.java:356)
	at com.kms.katalon.core.main.TestCaseExecutor.execute(TestCaseExecutor.java:251)
	at com.kms.katalon.core.main.TestSuiteExecutor.accessTestCaseMainPhase(TestSuiteExecutor.java:203)
	at com.kms.katalon.core.main.TestSuiteExecutor.accessTestSuiteMainPhase(TestSuiteExecutor.java:152)
	at com.kms.katalon.core.main.TestSuiteExecutor.execute(TestSuiteExecutor.java:95)
	at com.kms.katalon.core.main.TestCaseMain.startTestSuite(TestCaseMain.java:157)
	at com.kms.katalon.core.main.TestCaseMain$startTestSuite$0.call(Unknown Source)
	at TempTestSuite1666592073062.run(TempTestSuite1666592073062.groovy:39)
Caused by: com.kms.katalon.core.webui.exception.WebElementNotFoundException: Web element with id: 'Object Repository/BackOffice/BO_Collection_Center/input_Loan_Number' located by '' not found
	at com.kms.katalon.core.webui.common.WebUiCommonHelper.findWebElement(WebUiCommonHelper.java:1369)
	at com.kms.katalon.core.webui.keyword.internal.WebUIAbstractKeyword.findWebElement(WebUIAbstractKeyword.groovy:27)
	at com.kms.katalon.core.webui.keyword.internal.WebUIAbstractKeyword.findWebElement(WebUIAbstractKeyword.groovy:26)
	at com.kms.katalon.core.webui.keyword.builtin.SetTextKeyword$_setText_closure1.doCall(SetTextKeyword.groovy:51)
	at com.kms.katalon.core.webui.keyword.builtin.SetTextKeyword$_setText_closure1.call(SetTextKeyword.groovy)
	at com.kms.katalon.core.webui.keyword.internal.WebUIKeywordMain.runKeyword(WebUIKeywordMain.groovy:20)
	at com.kms.katalon.core.webui.keyword.builtin.SetTextKeyword.setText(SetTextKeyword.groovy:66)
	at com.kms.katalon.core.webui.keyword.builtin.SetTextKeyword.execute(SetTextKeyword.groovy:37)
	at com.kms.katalon.core.keyword.internal.KeywordExecutor.executeKeywordForPlatform(KeywordExecutor.groovy:73)
	at com.kms.katalon.core.webui.keyword.WebUiBuiltInKeywords.setText(WebUiBuiltInKeywords.groovy:977)
	at com.kms.katalon.core.webui.keyword.WebUiBuiltInKeywords$setText$3.call(Unknown Source)
	at Script1665480014182.run(Script1665480014182.groovy:29)
	... 13 more
)
[[ATTACHMENT|/Users/carlcarriedo/git/kayamo-automation/Reports/20221024_141433/BackOffice_Functional_Tests/BO_TS002_CollectionCenter_View/20221024_141433/1666592146099.png]]]]></system-out>
         <system-err><![CDATA[2022-10-24 14:15:10 - [TEST_CASE][FAILED] - Test Cases/BackOffice_Functional/BO_TC002_CollectionCenter_View: Test Cases/BackOffice_Functional/BO_TC002_CollectionCenter_View FAILED.
Reason:
com.kms.katalon.core.exception.StepFailedException: Unable to set text '9849' of object 'Object Repository/BackOffice/BO_Collection_Center/input_Loan_Number'
	at com.kms.katalon.core.webui.keyword.internal.WebUIKeywordMain.stepFailed(WebUIKeywordMain.groovy:64)
	at com.kms.katalon.core.webui.keyword.internal.WebUIKeywordMain.runKeyword(WebUIKeywordMain.groovy:26)
	at com.kms.katalon.core.webui.keyword.builtin.SetTextKeyword.setText(SetTextKeyword.groovy:66)
	at com.kms.katalon.core.webui.keyword.builtin.SetTextKeyword.execute(SetTextKeyword.groovy:37)
	at com.kms.katalon.core.keyword.internal.KeywordExecutor.executeKeywordForPlatform(KeywordExecutor.groovy:73)
	at com.kms.katalon.core.webui.keyword.WebUiBuiltInKeywords.setText(WebUiBuiltInKeywords.groovy:977)
	at com.kms.katalon.core.webui.keyword.WebUiBuiltInKeywords$setText$3.call(Unknown Source)
	at BO_TC002_CollectionCenter_View.run(BO_TC002_CollectionCenter_View:29)
	at com.kms.katalon.core.main.ScriptEngine.run(ScriptEngine.java:194)
	at com.kms.katalon.core.main.ScriptEngine.runScriptAsRawText(ScriptEngine.java:119)
	at com.kms.katalon.core.main.TestCaseExecutor.runScript(TestCaseExecutor.java:394)
	at com.kms.katalon.core.main.TestCaseExecutor.doExecute(TestCaseExecutor.java:385)
	at com.kms.katalon.core.main.TestCaseExecutor.processExecutionPhase(TestCaseExecutor.java:364)
	at com.kms.katalon.core.main.TestCaseExecutor.accessMainPhase(TestCaseExecutor.java:356)
	at com.kms.katalon.core.main.TestCaseExecutor.execute(TestCaseExecutor.java:251)
	at com.kms.katalon.core.main.TestSuiteExecutor.accessTestCaseMainPhase(TestSuiteExecutor.java:203)
	at com.kms.katalon.core.main.TestSuiteExecutor.accessTestSuiteMainPhase(TestSuiteExecutor.java:152)
	at com.kms.katalon.core.main.TestSuiteExecutor.execute(TestSuiteExecutor.java:95)
	at com.kms.katalon.core.main.TestCaseMain.startTestSuite(TestCaseMain.java:157)
	at com.kms.katalon.core.main.TestCaseMain$startTestSuite$0.call(Unknown Source)
	at TempTestSuite1666592073062.run(TempTestSuite1666592073062.groovy:39)
Caused by: com.kms.katalon.core.webui.exception.WebElementNotFoundException: Web element with id: 'Object Repository/BackOffice/BO_Collection_Center/input_Loan_Number' located by '' not found
	at com.kms.katalon.core.webui.common.WebUiCommonHelper.findWebElement(WebUiCommonHelper.java:1369)
	at com.kms.katalon.core.webui.keyword.internal.WebUIAbstractKeyword.findWebElement(WebUIAbstractKeyword.groovy:27)
	at com.kms.katalon.core.webui.keyword.internal.WebUIAbstractKeyword.findWebElement(WebUIAbstractKeyword.groovy:26)
	at com.kms.katalon.core.webui.keyword.builtin.SetTextKeyword$_setText_closure1.doCall(SetTextKeyword.groovy:51)
	at com.kms.katalon.core.webui.keyword.builtin.SetTextKeyword$_setText_closure1.call(SetTextKeyword.groovy)
	at com.kms.katalon.core.webui.keyword.internal.WebUIKeywordMain.runKeyword(WebUIKeywordMain.groovy:20)
	... 19 more]]></system-err>
      </testcase>
      <testcase name="Test Cases/BackOffice_Functional/BO_Logout" time="2.483" classname="Test Cases/BackOffice_Functional/BO_Logout" status="PASSED">
         <system-out><![CDATA[2022-10-24 14:15:46 - [TEST_CASE][PASSED] - Test Cases/BackOffice_Functional/BO_Logout: Test Cases/BackOffice_Functional/BO_Logout

2022-10-24 14:15:46 - [TEST_STEP][PASSED] - click(findTestObject("BackOffice/Login_Logout/profile_icon")): Object: 'Object Repository/BackOffice/Login_Logout/profile_icon' is clicked on

2022-10-24 14:15:47 - [MESSAGE][PASSED] - Object: 'Object Repository/BackOffice/Login_Logout/profile_icon' is clicked on

2022-10-24 14:15:47 - [TEST_STEP][PASSED] - click(findTestObject("Object Repository/BackOffice/Login_Logout/profile_logout")): Object: 'Object Repository/BackOffice/Login_Logout/profile_logout' is clicked on

2022-10-24 14:15:47 - [MESSAGE][PASSED] - Object: 'Object Repository/BackOffice/Login_Logout/profile_logout' is clicked on

2022-10-24 14:15:47 - [TEST_STEP][PASSED] - verifyElementPresent(findTestObject("BackOffice/Login_Logout/input_Username"), 0): Object 'Object Repository/BackOffice/Login_Logout/input_Username' is present

2022-10-24 14:15:48 - [MESSAGE][WARNING] - Timeout '0' is invalid. Using default page load timeout: '30'

2022-10-24 14:15:48 - [MESSAGE][PASSED] - Object 'Object Repository/BackOffice/Login_Logout/input_Username' is present

2022-10-24 14:15:48 - [TEST_STEP][PASSED] - verifyElementPresent(findTestObject("BackOffice/Login_Logout/input_Password"), 0): Object 'Object Repository/BackOffice/Login_Logout/input_Password' is present

2022-10-24 14:15:48 - [MESSAGE][WARNING] - Timeout '0' is invalid. Using default page load timeout: '30'

2022-10-24 14:15:48 - [MESSAGE][PASSED] - Object 'Object Repository/BackOffice/Login_Logout/input_Password' is present

2022-10-24 14:15:48 - [TEST_STEP][PASSED] - closeBrowser(): Browser is closed

2022-10-24 14:15:49 - [MESSAGE][PASSED] - Browser is closed]]></system-out>
         <system-err><![CDATA[]]></system-err>
      </testcase>
      <system-out><![CDATA[2022-10-24 14:14:51 - [TEST_SUITE][FAILED] - BO_TS002_CollectionCenter_View: Test Cases/BackOffice_Functional/BO_TC002_CollectionCenter_View FAILED.
Reason:
com.kms.katalon.core.exception.StepFailedException: Unable to set text '9849' of object 'Object Repository/BackOffice/BO_Collection_Center/input_Loan_Number'
	at com.kms.katalon.core.webui.keyword.internal.WebUIKeywordMain.stepFailed(WebUIKeywordMain.groovy:64)
	at com.kms.katalon.core.webui.keyword.internal.WebUIKeywordMain.runKeyword(WebUIKeywordMain.groovy:26)
	at com.kms.katalon.core.webui.keyword.builtin.SetTextKeyword.setText(SetTextKeyword.groovy:66)
	at com.kms.katalon.core.webui.keyword.builtin.SetTextKeyword.execute(SetTextKeyword.groovy:37)
	at com.kms.katalon.core.keyword.internal.KeywordExecutor.executeKeywordForPlatform(KeywordExecutor.groovy:73)
	at com.kms.katalon.core.webui.keyword.WebUiBuiltInKeywords.setText(WebUiBuiltInKeywords.groovy:977)
	at com.kms.katalon.core.webui.keyword.WebUiBuiltInKeywords$setText$3.call(Unknown Source)
	at BO_TC002_CollectionCenter_View.run(BO_TC002_CollectionCenter_View:29)
	at com.kms.katalon.core.main.ScriptEngine.run(ScriptEngine.java:194)
	at com.kms.katalon.core.main.ScriptEngine.runScriptAsRawText(ScriptEngine.java:119)
	at com.kms.katalon.core.main.TestCaseExecutor.runScript(TestCaseExecutor.java:394)
	at com.kms.katalon.core.main.TestCaseExecutor.doExecute(TestCaseExecutor.java:385)
	at com.kms.katalon.core.main.TestCaseExecutor.processExecutionPhase(TestCaseExecutor.java:364)
	at com.kms.katalon.core.main.TestCaseExecutor.accessMainPhase(TestCaseExecutor.java:356)
	at com.kms.katalon.core.main.TestCaseExecutor.execute(TestCaseExecutor.java:251)
	at com.kms.katalon.core.main.TestSuiteExecutor.accessTestCaseMainPhase(TestSuiteExecutor.java:203)
	at com.kms.katalon.core.main.TestSuiteExecutor.accessTestSuiteMainPhase(TestSuiteExecutor.java:152)
	at com.kms.katalon.core.main.TestSuiteExecutor.execute(TestSuiteExecutor.java:95)
	at com.kms.katalon.core.main.TestCaseMain.startTestSuite(TestCaseMain.java:157)
	at com.kms.katalon.core.main.TestCaseMain$startTestSuite$0.call(Unknown Source)
	at TempTestSuite1666592073062.run(TempTestSuite1666592073062.groovy:39)
Caused by: com.kms.katalon.core.webui.exception.WebElementNotFoundException: Web element with id: 'Object Repository/BackOffice/BO_Collection_Center/input_Loan_Number' located by '' not found
	at com.kms.katalon.core.webui.common.WebUiCommonHelper.findWebElement(WebUiCommonHelper.java:1369)
	at com.kms.katalon.core.webui.keyword.internal.WebUIAbstractKeyword.findWebElement(WebUIAbstractKeyword.groovy:27)
	at com.kms.katalon.core.webui.keyword.internal.WebUIAbstractKeyword.findWebElement(WebUIAbstractKeyword.groovy:26)
	at com.kms.katalon.core.webui.keyword.builtin.SetTextKeyword$_setText_closure1.doCall(SetTextKeyword.groovy:51)
	at com.kms.katalon.core.webui.keyword.builtin.SetTextKeyword$_setText_closure1.call(SetTextKeyword.groovy)
	at com.kms.katalon.core.webui.keyword.internal.WebUIKeywordMain.runKeyword(WebUIKeywordMain.groovy:20)
	... 19 more]]></system-out>
      <system-err><![CDATA[2022-10-24 14:14:51 - [TEST_SUITE][FAILED] - BO_TS002_CollectionCenter_View: Test Cases/BackOffice_Functional/BO_TC002_CollectionCenter_View FAILED.
Reason:
com.kms.katalon.core.exception.StepFailedException: Unable to set text '9849' of object 'Object Repository/BackOffice/BO_Collection_Center/input_Loan_Number'
	at com.kms.katalon.core.webui.keyword.internal.WebUIKeywordMain.stepFailed(WebUIKeywordMain.groovy:64)
	at com.kms.katalon.core.webui.keyword.internal.WebUIKeywordMain.runKeyword(WebUIKeywordMain.groovy:26)
	at com.kms.katalon.core.webui.keyword.builtin.SetTextKeyword.setText(SetTextKeyword.groovy:66)
	at com.kms.katalon.core.webui.keyword.builtin.SetTextKeyword.execute(SetTextKeyword.groovy:37)
	at com.kms.katalon.core.keyword.internal.KeywordExecutor.executeKeywordForPlatform(KeywordExecutor.groovy:73)
	at com.kms.katalon.core.webui.keyword.WebUiBuiltInKeywords.setText(WebUiBuiltInKeywords.groovy:977)
	at com.kms.katalon.core.webui.keyword.WebUiBuiltInKeywords$setText$3.call(Unknown Source)
	at BO_TC002_CollectionCenter_View.run(BO_TC002_CollectionCenter_View:29)
	at com.kms.katalon.core.main.ScriptEngine.run(ScriptEngine.java:194)
	at com.kms.katalon.core.main.ScriptEngine.runScriptAsRawText(ScriptEngine.java:119)
	at com.kms.katalon.core.main.TestCaseExecutor.runScript(TestCaseExecutor.java:394)
	at com.kms.katalon.core.main.TestCaseExecutor.doExecute(TestCaseExecutor.java:385)
	at com.kms.katalon.core.main.TestCaseExecutor.processExecutionPhase(TestCaseExecutor.java:364)
	at com.kms.katalon.core.main.TestCaseExecutor.accessMainPhase(TestCaseExecutor.java:356)
	at com.kms.katalon.core.main.TestCaseExecutor.execute(TestCaseExecutor.java:251)
	at com.kms.katalon.core.main.TestSuiteExecutor.accessTestCaseMainPhase(TestSuiteExecutor.java:203)
	at com.kms.katalon.core.main.TestSuiteExecutor.accessTestSuiteMainPhase(TestSuiteExecutor.java:152)
	at com.kms.katalon.core.main.TestSuiteExecutor.execute(TestSuiteExecutor.java:95)
	at com.kms.katalon.core.main.TestCaseMain.startTestSuite(TestCaseMain.java:157)
	at com.kms.katalon.core.main.TestCaseMain$startTestSuite$0.call(Unknown Source)
	at TempTestSuite1666592073062.run(TempTestSuite1666592073062.groovy:39)
Caused by: com.kms.katalon.core.webui.exception.WebElementNotFoundException: Web element with id: 'Object Repository/BackOffice/BO_Collection_Center/input_Loan_Number' located by '' not found
	at com.kms.katalon.core.webui.common.WebUiCommonHelper.findWebElement(WebUiCommonHelper.java:1369)
	at com.kms.katalon.core.webui.keyword.internal.WebUIAbstractKeyword.findWebElement(WebUIAbstractKeyword.groovy:27)
	at com.kms.katalon.core.webui.keyword.internal.WebUIAbstractKeyword.findWebElement(WebUIAbstractKeyword.groovy:26)
	at com.kms.katalon.core.webui.keyword.builtin.SetTextKeyword$_setText_closure1.doCall(SetTextKeyword.groovy:51)
	at com.kms.katalon.core.webui.keyword.builtin.SetTextKeyword$_setText_closure1.call(SetTextKeyword.groovy)
	at com.kms.katalon.core.webui.keyword.internal.WebUIKeywordMain.runKeyword(WebUIKeywordMain.groovy:20)
	... 19 more]]></system-err>
   </testsuite>
</testsuites>
