<?xml version="1.0" encoding="UTF-8"?>
<testsuites name="E2E_TS001_New_Loan_Application" time="131.223" tests="4" failures="0" skips="0" errors="0">
   <testsuite name="E2E_TS001_New_Loan_Application" tests="4" failures="0" errors="0" time="131.223" skips="0" timestamp="2022-10-24 19:00:18" hostname="carlcarriedo - 192.168.1.2" id="Test Suites/End-to-End _Tests/E2E_TS001_New_Loan_Application">
      <properties>
         <property name="deviceName" value=""/>
         <property name="devicePlatform" value=""/>
         <property name="logFolder" value="/Users/carlcarriedo/git/kayamo-automation/Reports/20221024_190000/End-to-End _Tests/E2E_TS001_New_Loan_Application/20221024_190000"/>
         <property name="logFiles" value="/Users/carlcarriedo/git/kayamo-automation/Reports/20221024_190000/End-to-End _Tests/E2E_TS001_New_Loan_Application/20221024_190000/execution0.log"/>
         <property name="attachments" value="/Users/carlcarriedo/git/kayamo-automation/Reports/20221024_190000/End-to-End _Tests/E2E_TS001_New_Loan_Application/20221024_190000/1666609253718.png, /Users/carlcarriedo/git/kayamo-automation/Reports/20221024_190000/End-to-End _Tests/E2E_TS001_New_Loan_Application/20221024_190000/1666609305497.png"/>
         <property name="hostName" value="carlcarriedo - 192.168.1.2"/>
         <property name="os" value="Mac OS X 64bit"/>
         <property name="katalonVersion" value="7.8.2.208"/>
         <property name="browser" value="Chrome 106.0.0.0"/>
         <property name="hostAddress" value="192.168.1.2"/>
         <property name="sessionId" value="2085bc754e7f01b3752242e042f6aeec"/>
         <property name="seleniumVersion" value="3.141.59"/>
         <property name="proxyInformation" value="ProxyInformation { proxyOption=NO_PROXY, proxyServerType=HTTP, username=, password=********, proxyServerAddress=, proxyServerPort=0, executionList=&quot;&quot;, isApplyToDesiredCapabilities=true }"/>
         <property name="platform" value="Mac OS X"/>
      </properties>
      <testcase name="Test Cases/KayamoSite_Functional/KS_TC002_Signup_Login_Valid_Login" time="35.01" classname="Test Cases/KayamoSite_Functional/KS_TC002_Signup_Login_Valid_Login" status="PASSED">
         <system-out><![CDATA[2022-10-24 19:00:19 - [TEST_CASE][PASSED] - Test Cases/KayamoSite_Functional/KS_TC002_Signup_Login_Valid_Login: Test Cases/KayamoSite_Functional/KS_TC002_Signup_Login_Valid_Login

2022-10-24 19:00:19 - [TEST_STEP][PASSED] - openBrowser(""): Browser is opened with url: ''

2022-10-24 19:00:19 - [MESSAGE][INFO] - Starting 'Chrome' driver

2022-10-24 19:00:19 - [MESSAGE][INFO] - Action delay is set to 0 milliseconds

2022-10-24 19:00:24 - [MESSAGE][PASSED] - Browser is opened with url: ''

2022-10-24 19:00:24 - [TEST_STEP][PASSED] - maximizeWindow(): Current window maximized

2022-10-24 19:00:24 - [MESSAGE][PASSED] - Current window maximized

2022-10-24 19:00:24 - [TEST_STEP][PASSED] - deleteAllCookies(): Delete all cookies successfully

2022-10-24 19:00:24 - [MESSAGE][PASSED] - Delete all cookies successfully

2022-10-24 19:00:24 - [TEST_STEP][PASSED] - navigateToUrl(url): Navigate to 'https://uat.kayamo.com.ph/?referrer=seekcap' successfully

2022-10-24 19:00:29 - [MESSAGE][PASSED] - Navigate to 'https://uat.kayamo.com.ph/?referrer=seekcap' successfully

2022-10-24 19:00:29 - [TEST_STEP][PASSED] - waitForElementVisible(findTestObject("KayamoSite_Home_Page/promotion_Alert"), 0): Object 'Object Repository/KayamoSite_Home_Page/promotion_Alert' is visible

2022-10-24 19:00:29 - [MESSAGE][WARNING] - Timeout '0' is invalid. Using default page load timeout: '30'

2022-10-24 19:00:31 - [MESSAGE][PASSED] - Object 'Object Repository/KayamoSite_Home_Page/promotion_Alert' is visible

2022-10-24 19:00:31 - [TEST_STEP][PASSED] - click(findTestObject("KayamoSite_Home_Page/promotion_Alert")): Object: 'Object Repository/KayamoSite_Home_Page/promotion_Alert' is clicked on

2022-10-24 19:00:33 - [MESSAGE][PASSED] - Object: 'Object Repository/KayamoSite_Home_Page/promotion_Alert' is clicked on

2022-10-24 19:00:33 - [TEST_STEP][PASSED] - waitForElementVisible(findTestObject("KayamoSite_Home_Page/menu_Login_or_Signup"), 0): Object 'Object Repository/KayamoSite_Home_Page/menu_Login_or_Signup' is visible

2022-10-24 19:00:33 - [MESSAGE][WARNING] - Timeout '0' is invalid. Using default page load timeout: '30'

2022-10-24 19:00:34 - [MESSAGE][PASSED] - Object 'Object Repository/KayamoSite_Home_Page/menu_Login_or_Signup' is visible

2022-10-24 19:00:34 - [TEST_STEP][PASSED] - click(findTestObject("KayamoSite_Home_Page/menu_Login_or_Signup")): Object: 'Object Repository/KayamoSite_Home_Page/menu_Login_or_Signup' is clicked on

2022-10-24 19:00:35 - [MESSAGE][PASSED] - Object: 'Object Repository/KayamoSite_Home_Page/menu_Login_or_Signup' is clicked on

2022-10-24 19:00:35 - [TEST_STEP][PASSED] - waitForElementVisible(findTestObject("KayamoSite_Home_Page/input_LogIn_SignUp_mobile_number"), 0): Object 'Object Repository/KayamoSite_Home_Page/input_LogIn_SignUp_mobile_number' is visible

2022-10-24 19:00:35 - [MESSAGE][WARNING] - Timeout '0' is invalid. Using default page load timeout: '30'

2022-10-24 19:00:37 - [MESSAGE][PASSED] - Object 'Object Repository/KayamoSite_Home_Page/input_LogIn_SignUp_mobile_number' is visible

2022-10-24 19:00:37 - [TEST_STEP][PASSED] - setText(findTestObject("KayamoSite_Home_Page/input_LogIn_SignUp_mobile_number"), phone_number): Text '9813942373' is set on object 'Object Repository/KayamoSite_Home_Page/input_LogIn_SignUp_mobile_number'

2022-10-24 19:00:37 - [MESSAGE][PASSED] - Text '9813942373' is set on object 'Object Repository/KayamoSite_Home_Page/input_LogIn_SignUp_mobile_number'

2022-10-24 19:00:37 - [TEST_STEP][PASSED] - click(findTestObject("KayamoSite_Home_Page/input_LogInSignUp_OTP1")): Object: 'Object Repository/KayamoSite_Home_Page/input_LogInSignUp_OTP1' is clicked on

2022-10-24 19:00:38 - [MESSAGE][PASSED] - Object: 'Object Repository/KayamoSite_Home_Page/input_LogInSignUp_OTP1' is clicked on

2022-10-24 19:00:38 - [TEST_STEP][PASSED] - setText(findTestObject("KayamoSite_Profile_Page/input_Log In  Sign Up_verification_code"), verification_code1): Text '1' is set on object 'Object Repository/KayamoSite_Profile_Page/input_Log In  Sign Up_verification_code'

2022-10-24 19:00:39 - [MESSAGE][PASSED] - Text '1' is set on object 'Object Repository/KayamoSite_Profile_Page/input_Log In  Sign Up_verification_code'

2022-10-24 19:00:39 - [TEST_STEP][PASSED] - click(findTestObject("KayamoSite_Home_Page/input_LogInSignUp_OTP2")): Object: 'Object Repository/KayamoSite_Home_Page/input_LogInSignUp_OTP2' is clicked on

2022-10-24 19:00:39 - [MESSAGE][PASSED] - Object: 'Object Repository/KayamoSite_Home_Page/input_LogInSignUp_OTP2' is clicked on

2022-10-24 19:00:39 - [TEST_STEP][PASSED] - setText(findTestObject("KayamoSite_Home_Page/input_LogIn_SignUp_verification_code"), verification_code2): Text '12' is set on object 'Object Repository/KayamoSite_Home_Page/input_LogIn_SignUp_verification_code'

2022-10-24 19:00:40 - [MESSAGE][PASSED] - Text '12' is set on object 'Object Repository/KayamoSite_Home_Page/input_LogIn_SignUp_verification_code'

2022-10-24 19:00:40 - [TEST_STEP][PASSED] - click(findTestObject("KayamoSite_Home_Page/input_LogInSignUp_OTP3")): Object: 'Object Repository/KayamoSite_Home_Page/input_LogInSignUp_OTP3' is clicked on

2022-10-24 19:00:40 - [MESSAGE][PASSED] - Object: 'Object Repository/KayamoSite_Home_Page/input_LogInSignUp_OTP3' is clicked on

2022-10-24 19:00:40 - [TEST_STEP][PASSED] - setText(findTestObject("KayamoSite_Home_Page/input_LogIn_SignUp_verification_code"), verification_code3): Text '123' is set on object 'Object Repository/KayamoSite_Home_Page/input_LogIn_SignUp_verification_code'

2022-10-24 19:00:42 - [MESSAGE][PASSED] - Text '123' is set on object 'Object Repository/KayamoSite_Home_Page/input_LogIn_SignUp_verification_code'

2022-10-24 19:00:42 - [TEST_STEP][PASSED] - click(findTestObject("KayamoSite_Home_Page/input_LogInSignUp_OTP4")): Object: 'Object Repository/KayamoSite_Home_Page/input_LogInSignUp_OTP4' is clicked on

2022-10-24 19:00:42 - [MESSAGE][PASSED] - Object: 'Object Repository/KayamoSite_Home_Page/input_LogInSignUp_OTP4' is clicked on

2022-10-24 19:00:42 - [TEST_STEP][PASSED] - setText(findTestObject("KayamoSite_Home_Page/input_LogIn_SignUp_verification_code"), verification_code4): Text '1234' is set on object 'Object Repository/KayamoSite_Home_Page/input_LogIn_SignUp_verification_code'

2022-10-24 19:00:43 - [MESSAGE][PASSED] - Text '1234' is set on object 'Object Repository/KayamoSite_Home_Page/input_LogIn_SignUp_verification_code'

2022-10-24 19:00:43 - [TEST_STEP][PASSED] - click(findTestObject("KayamoSite_Home_Page/input_LogInSignUp_OTP5")): Object: 'Object Repository/KayamoSite_Home_Page/input_LogInSignUp_OTP5' is clicked on

2022-10-24 19:00:44 - [MESSAGE][PASSED] - Object: 'Object Repository/KayamoSite_Home_Page/input_LogInSignUp_OTP5' is clicked on

2022-10-24 19:00:44 - [TEST_STEP][PASSED] - setText(findTestObject("KayamoSite_Home_Page/input_LogIn_SignUp_verification_code"), verification_code5): Text '12345' is set on object 'Object Repository/KayamoSite_Home_Page/input_LogIn_SignUp_verification_code'

2022-10-24 19:00:45 - [MESSAGE][PASSED] - Text '12345' is set on object 'Object Repository/KayamoSite_Home_Page/input_LogIn_SignUp_verification_code'

2022-10-24 19:00:45 - [TEST_STEP][PASSED] - click(findTestObject("KayamoSite_Home_Page/input_LogInSignUp_OTP6")): Object: 'Object Repository/KayamoSite_Home_Page/input_LogInSignUp_OTP6' is clicked on

2022-10-24 19:00:45 - [MESSAGE][PASSED] - Object: 'Object Repository/KayamoSite_Home_Page/input_LogInSignUp_OTP6' is clicked on

2022-10-24 19:00:45 - [TEST_STEP][PASSED] - setText(findTestObject("KayamoSite_Home_Page/input_LogIn_SignUp_verification_code"), verification_code6): Text '123456' is set on object 'Object Repository/KayamoSite_Home_Page/input_LogIn_SignUp_verification_code'

2022-10-24 19:00:46 - [MESSAGE][PASSED] - Text '123456' is set on object 'Object Repository/KayamoSite_Home_Page/input_LogIn_SignUp_verification_code'

2022-10-24 19:00:46 - [TEST_STEP][PASSED] - click(findTestObject("KayamoSite_Home_Page/Checkbox_I agree with the terms of use of Kayamo")): Object: 'Object Repository/KayamoSite_Home_Page/Checkbox_I agree with the terms of use of Kayamo' is clicked on

2022-10-24 19:00:46 - [MESSAGE][PASSED] - Object: 'Object Repository/KayamoSite_Home_Page/Checkbox_I agree with the terms of use of Kayamo' is clicked on

2022-10-24 19:00:46 - [TEST_STEP][PASSED] - click(findTestObject("KayamoSite_Home_Page/Button_Accept_Terms_Conditions")): Object: 'Object Repository/KayamoSite_Home_Page/Button_Accept_Terms_Conditions' is clicked on

2022-10-24 19:00:47 - [MESSAGE][PASSED] - Object: 'Object Repository/KayamoSite_Home_Page/Button_Accept_Terms_Conditions' is clicked on

2022-10-24 19:00:47 - [TEST_STEP][PASSED] - click(findTestObject("KayamoSite_Home_Page/Button_Log In Sign Up")): Object: 'Object Repository/KayamoSite_Home_Page/Button_Log In Sign Up' is clicked on

2022-10-24 19:00:47 - [MESSAGE][PASSED] - Object: 'Object Repository/KayamoSite_Home_Page/Button_Log In Sign Up' is clicked on

2022-10-24 19:00:47 - [TEST_STEP][PASSED] - verifyElementPresent(findTestObject("KayamoSite_Profile_Page/Icon_Profile"), 0): Object 'Object Repository/KayamoSite_Profile_Page/Icon_Profile' is present

2022-10-24 19:00:48 - [MESSAGE][WARNING] - Timeout '0' is invalid. Using default page load timeout: '30'

2022-10-24 19:00:50 - [MESSAGE][PASSED] - Object 'Object Repository/KayamoSite_Profile_Page/Icon_Profile' is present

2022-10-24 19:00:50 - [TEST_STEP][PASSED] - click(findTestObject("KayamoSite_Profile_Page/Icon_Profile")): Object: 'Object Repository/KayamoSite_Profile_Page/Icon_Profile' is clicked on

2022-10-24 19:00:51 - [MESSAGE][PASSED] - Object: 'Object Repository/KayamoSite_Profile_Page/Icon_Profile' is clicked on

2022-10-24 19:00:51 - [TEST_STEP][PASSED] - verifyElementText(findTestObject("KayamoSite_Profile_Page/Profile_Name"), profile_name): Actual text and expected text of test object 'Object Repository/KayamoSite_Profile_Page/Profile_Name' are matched.

2022-10-24 19:00:52 - [MESSAGE][PASSED] - Actual text and expected text of test object 'Object Repository/KayamoSite_Profile_Page/Profile_Name' are matched.

2022-10-24 19:00:52 - [TEST_STEP][PASSED] - genericKeywords.genericKeywords.textContains(getText(findTestObject("KayamoSite_Profile_Page/Profile_PhoneNumber")), profile_phone_number): genericKeywords.genericKeywords.textContains is PASSED

2022-10-24 19:00:53 - [MESSAGE][PASSED] - Text of object 'Object Repository/KayamoSite_Profile_Page/Profile_PhoneNumber' is: 'Phone Number : +63 9813942373'

2022-10-24 19:00:53 - [MESSAGE][PASSED] - genericKeywords.genericKeywords.textContains is PASSED

2022-10-24 19:00:53 - [TEST_STEP][PASSED] - takeScreenshot(): Taking screenshot successfully

2022-10-24 19:00:54 - [MESSAGE][PASSED] - Taking screenshot successfully
[[ATTACHMENT|/Users/carlcarriedo/git/kayamo-automation/Reports/20221024_190000/End-to-End _Tests/E2E_TS001_New_Loan_Application/20221024_190000/1666609253718.png]]]]></system-out>
         <system-err><![CDATA[]]></system-err>
      </testcase>
      <testcase name="Test Cases/E2E Test Cases/E2E_TC001_KS_New_Loan_Application_ApplyNow" time="19.37" classname="Test Cases/E2E Test Cases/E2E_TC001_KS_New_Loan_Application_ApplyNow" status="PASSED">
         <system-out><![CDATA[2022-10-24 19:00:54 - [TEST_CASE][PASSED] - Test Cases/E2E Test Cases/E2E_TC001_KS_New_Loan_Application_ApplyNow: Test Cases/E2E Test Cases/E2E_TC001_KS_New_Loan_Application_ApplyNow

2022-10-24 19:00:54 - [TEST_STEP][PASSED] - click(findTestObject("E2E_KS_New_Loan_Application_Apply_Now_Seller_Auth/button_Apply Now")): Object: 'Object Repository/E2E_KS_New_Loan_Application_Apply_Now_Seller_Auth/button_Apply Now' is clicked on

2022-10-24 19:00:56 - [MESSAGE][PASSED] - Object: 'Object Repository/E2E_KS_New_Loan_Application_Apply_Now_Seller_Auth/button_Apply Now' is clicked on

2022-10-24 19:00:56 - [TEST_STEP][PASSED] - if (verifyElementVisible(findTestObject("E2E_KS_New_Loan_Application_Apply_Now_Seller_Auth/button_New Application"), OPTIONAL)): null

2022-10-24 19:00:57 - [MESSAGE][PASSED] - Object 'Object Repository/E2E_KS_New_Loan_Application_Apply_Now_Seller_Auth/button_New Application' is visible

2022-10-24 19:00:57 - [TEST_STEP][PASSED] - click(findTestObject("E2E_KS_New_Loan_Application_Apply_Now_Seller_Auth/button_New Application")): Object: 'Object Repository/E2E_KS_New_Loan_Application_Apply_Now_Seller_Auth/button_New Application' is clicked on

2022-10-24 19:00:58 - [MESSAGE][PASSED] - Object: 'Object Repository/E2E_KS_New_Loan_Application_Apply_Now_Seller_Auth/button_New Application' is clicked on

2022-10-24 19:00:58 - [TEST_STEP][PASSED] - click(findTestObject("E2E_KS_New_Loan_Application_Apply_Now_Seller_Auth/button_Shopee_Seller_Auth")): Object: 'Object Repository/E2E_KS_New_Loan_Application_Apply_Now_Seller_Auth/button_Shopee_Seller_Auth' is clicked on

2022-10-24 19:01:05 - [MESSAGE][PASSED] - Object: 'Object Repository/E2E_KS_New_Loan_Application_Apply_Now_Seller_Auth/button_Shopee_Seller_Auth' is clicked on

2022-10-24 19:01:05 - [TEST_STEP][PASSED] - click(findTestObject("E2E_KS_New_Loan_Application_Apply_Now_Seller_Auth/dropdown_Select_Country_Code_Shop_Seller_Auth")): Object: 'Object Repository/E2E_KS_New_Loan_Application_Apply_Now_Seller_Auth/dropdown_Select_Country_Code_Shop_Seller_Auth' is clicked on

2022-10-24 19:01:07 - [MESSAGE][PASSED] - Object: 'Object Repository/E2E_KS_New_Loan_Application_Apply_Now_Seller_Auth/dropdown_Select_Country_Code_Shop_Seller_Auth' is clicked on

2022-10-24 19:01:07 - [TEST_STEP][PASSED] - click(findTestObject("E2E_KS_New_Loan_Application_Apply_Now_Seller_Auth/dropdown_Select_Country_Code_Philippines_Shop_Seller_Auth")): Object: 'Object Repository/E2E_KS_New_Loan_Application_Apply_Now_Seller_Auth/dropdown_Select_Country_Code_Philippines_Shop_Seller_Auth' is clicked on

2022-10-24 19:01:08 - [MESSAGE][PASSED] - Object: 'Object Repository/E2E_KS_New_Loan_Application_Apply_Now_Seller_Auth/dropdown_Select_Country_Code_Philippines_Shop_Seller_Auth' is clicked on

2022-10-24 19:01:08 - [TEST_STEP][PASSED] - setText(findTestObject("E2E_KS_New_Loan_Application_Apply_Now_Seller_Auth/input_Shop_Seller_Auth_Phone_Number"), seller_auth_phone_number): Text '9813942373' is set on object 'Object Repository/E2E_KS_New_Loan_Application_Apply_Now_Seller_Auth/input_Shop_Seller_Auth_Phone_Number'

2022-10-24 19:01:10 - [MESSAGE][PASSED] - Text '9813942373' is set on object 'Object Repository/E2E_KS_New_Loan_Application_Apply_Now_Seller_Auth/input_Shop_Seller_Auth_Phone_Number'

2022-10-24 19:01:10 - [TEST_STEP][PASSED] - setText(findTestObject("E2E_KS_New_Loan_Application_Apply_Now_Seller_Auth/input_Shop_Seller_Auth_Password"), seller_auth_password): Text 'Kayamo123$' is set on object 'Object Repository/E2E_KS_New_Loan_Application_Apply_Now_Seller_Auth/input_Shop_Seller_Auth_Password'

2022-10-24 19:01:12 - [MESSAGE][PASSED] - Text 'Kayamo123$' is set on object 'Object Repository/E2E_KS_New_Loan_Application_Apply_Now_Seller_Auth/input_Shop_Seller_Auth_Password'

2022-10-24 19:01:12 - [TEST_STEP][PASSED] - click(findTestObject("E2E_KS_New_Loan_Application_Apply_Now_Seller_Auth/button_Shop_Seller_Auth_Login")): Object: 'Object Repository/E2E_KS_New_Loan_Application_Apply_Now_Seller_Auth/button_Shop_Seller_Auth_Login' is clicked on

2022-10-24 19:01:13 - [MESSAGE][PASSED] - Object: 'Object Repository/E2E_KS_New_Loan_Application_Apply_Now_Seller_Auth/button_Shop_Seller_Auth_Login' is clicked on]]></system-out>
         <system-err><![CDATA[]]></system-err>
      </testcase>
      <testcase name="Test Cases/E2E Test Cases/E2E_TC002_KS_New_Loan_Application_OTP_ShopAuth" time="46.465" classname="Test Cases/E2E Test Cases/E2E_TC002_KS_New_Loan_Application_OTP_ShopAuth" status="PASSED">
         <system-out><![CDATA[2022-10-24 19:01:13 - [TEST_CASE][PASSED] - Test Cases/E2E Test Cases/E2E_TC002_KS_New_Loan_Application_OTP_ShopAuth: Test Cases/E2E Test Cases/E2E_TC002_KS_New_Loan_Application_OTP_ShopAuth

2022-10-24 19:01:14 - [TEST_STEP][PASSED] - if (verifyElementVisible(findTestObject("E2E_KS_New_Loan_Application_Apply_Now_Seller_Auth/input_OTP"), OPTIONAL)): Web element with id: 'Object Repository/E2E_KS_New_Loan_Application_Apply_Now_Seller_Auth/input_OTP' located by '//input[@type='text']' not found (Root cause: com.kms.katalon.core.exception.StepFailedException: Web element with id: 'Object Repository/E2E_KS_New_Loan_Application_Apply_Now_Seller_Auth/input_OTP' located by '//input[@type='text']' not found
	at com.kms.katalon.core.webui.keyword.internal.WebUIKeywordMain.stepFailed(WebUIKeywordMain.groovy:64)
	at com.kms.katalon.core.webui.keyword.builtin.VerifyElementVisibleKeyword$_verifyElementVisible_closure1.doCall(VerifyElementVisibleKeyword.groovy:89)
	at com.kms.katalon.core.webui.keyword.builtin.VerifyElementVisibleKeyword$_verifyElementVisible_closure1.call(VerifyElementVisibleKeyword.groovy)
	at com.kms.katalon.core.webui.keyword.internal.WebUIKeywordMain.runKeyword(WebUIKeywordMain.groovy:20)
	at com.kms.katalon.core.webui.keyword.builtin.VerifyElementVisibleKeyword.verifyElementVisible(VerifyElementVisibleKeyword.groovy:97)
	at com.kms.katalon.core.webui.keyword.builtin.VerifyElementVisibleKeyword.execute(VerifyElementVisibleKeyword.groovy:67)
	at com.kms.katalon.core.keyword.internal.KeywordExecutor.executeKeywordForPlatform(KeywordExecutor.groovy:73)
	at com.kms.katalon.core.webui.keyword.WebUiBuiltInKeywords.verifyElementVisible(WebUiBuiltInKeywords.groovy:359)
	at com.kms.katalon.core.webui.keyword.WebUiBuiltInKeywords$verifyElementVisible$10.call(Unknown Source)
	at E2E_TC002_KS_New_Loan_Application_OTP_ShopAuth.run(E2E_TC002_KS_New_Loan_Application_OTP_ShopAuth:23)
	at com.kms.katalon.core.main.ScriptEngine.run(ScriptEngine.java:194)
	at com.kms.katalon.core.main.ScriptEngine.runScriptAsRawText(ScriptEngine.java:119)
	at com.kms.katalon.core.main.TestCaseExecutor.runScript(TestCaseExecutor.java:394)
	at com.kms.katalon.core.main.TestCaseExecutor.doExecute(TestCaseExecutor.java:385)
	at com.kms.katalon.core.main.TestCaseExecutor.processExecutionPhase(TestCaseExecutor.java:364)
	at com.kms.katalon.core.main.TestCaseExecutor.accessMainPhase(TestCaseExecutor.java:356)
	at com.kms.katalon.core.main.TestCaseExecutor.execute(TestCaseExecutor.java:251)
	at com.kms.katalon.core.main.TestSuiteExecutor.accessTestCaseMainPhase(TestSuiteExecutor.java:203)
	at com.kms.katalon.core.main.TestSuiteExecutor.accessTestSuiteMainPhase(TestSuiteExecutor.java:152)
	at com.kms.katalon.core.main.TestSuiteExecutor.execute(TestSuiteExecutor.java:95)
	at com.kms.katalon.core.main.TestCaseMain.startTestSuite(TestCaseMain.java:157)
	at com.kms.katalon.core.main.TestCaseMain$startTestSuite$0.call(Unknown Source)
	at TempTestSuite1666609200411.run(TempTestSuite1666609200411.groovy:39)
)

2022-10-24 19:01:45 - [MESSAGE][INFO] - Unable to find the element located by 'By.xpath: //input[@type='text']'. Please recheck the objects properties to make sure the desired element is located. 

2022-10-24 19:01:45 - [MESSAGE][WARNING] - Web element with id: 'Object Repository/E2E_KS_New_Loan_Application_Apply_Now_Seller_Auth/input_OTP' located by '//input[@type='text']' not found (Root cause: com.kms.katalon.core.exception.StepFailedException: Web element with id: 'Object Repository/E2E_KS_New_Loan_Application_Apply_Now_Seller_Auth/input_OTP' located by '//input[@type='text']' not found
	at com.kms.katalon.core.webui.keyword.internal.WebUIKeywordMain.stepFailed(WebUIKeywordMain.groovy:64)
	at com.kms.katalon.core.webui.keyword.builtin.VerifyElementVisibleKeyword$_verifyElementVisible_closure1.doCall(VerifyElementVisibleKeyword.groovy:89)
	at com.kms.katalon.core.webui.keyword.builtin.VerifyElementVisibleKeyword$_verifyElementVisible_closure1.call(VerifyElementVisibleKeyword.groovy)
	at com.kms.katalon.core.webui.keyword.internal.WebUIKeywordMain.runKeyword(WebUIKeywordMain.groovy:20)
	at com.kms.katalon.core.webui.keyword.builtin.VerifyElementVisibleKeyword.verifyElementVisible(VerifyElementVisibleKeyword.groovy:97)
	at com.kms.katalon.core.webui.keyword.builtin.VerifyElementVisibleKeyword.execute(VerifyElementVisibleKeyword.groovy:67)
	at com.kms.katalon.core.keyword.internal.KeywordExecutor.executeKeywordForPlatform(KeywordExecutor.groovy:73)
	at com.kms.katalon.core.webui.keyword.WebUiBuiltInKeywords.verifyElementVisible(WebUiBuiltInKeywords.groovy:359)
	at com.kms.katalon.core.webui.keyword.WebUiBuiltInKeywords$verifyElementVisible$10.call(Unknown Source)
	at E2E_TC002_KS_New_Loan_Application_OTP_ShopAuth.run(E2E_TC002_KS_New_Loan_Application_OTP_ShopAuth:23)
	at com.kms.katalon.core.main.ScriptEngine.run(ScriptEngine.java:194)
	at com.kms.katalon.core.main.ScriptEngine.runScriptAsRawText(ScriptEngine.java:119)
	at com.kms.katalon.core.main.TestCaseExecutor.runScript(TestCaseExecutor.java:394)
	at com.kms.katalon.core.main.TestCaseExecutor.doExecute(TestCaseExecutor.java:385)
	at com.kms.katalon.core.main.TestCaseExecutor.processExecutionPhase(TestCaseExecutor.java:364)
	at com.kms.katalon.core.main.TestCaseExecutor.accessMainPhase(TestCaseExecutor.java:356)
	at com.kms.katalon.core.main.TestCaseExecutor.execute(TestCaseExecutor.java:251)
	at com.kms.katalon.core.main.TestSuiteExecutor.accessTestCaseMainPhase(TestSuiteExecutor.java:203)
	at com.kms.katalon.core.main.TestSuiteExecutor.accessTestSuiteMainPhase(TestSuiteExecutor.java:152)
	at com.kms.katalon.core.main.TestSuiteExecutor.execute(TestSuiteExecutor.java:95)
	at com.kms.katalon.core.main.TestCaseMain.startTestSuite(TestCaseMain.java:157)
	at com.kms.katalon.core.main.TestCaseMain$startTestSuite$0.call(Unknown Source)
	at TempTestSuite1666609200411.run(TempTestSuite1666609200411.groovy:39)
)
[[ATTACHMENT|/Users/carlcarriedo/git/kayamo-automation/Reports/20221024_190000/End-to-End _Tests/E2E_TS001_New_Loan_Application/20221024_190000/1666609305497.png]]

2022-10-24 19:01:45 - [TEST_STEP][PASSED] - verifyElementText(findTestObject("E2E_KS_New_Loan_Application_Apply_Now_Seller_Auth/text_Shop_Seller_Auth_Confirm_Auth"), seller_shop_username): Actual text and expected text of test object 'Object Repository/E2E_KS_New_Loan_Application_Apply_Now_Seller_Auth/text_Shop_Seller_Auth_Confirm_Auth' are matched.

2022-10-24 19:01:46 - [MESSAGE][PASSED] - Actual text and expected text of test object 'Object Repository/E2E_KS_New_Loan_Application_Apply_Now_Seller_Auth/text_Shop_Seller_Auth_Confirm_Auth' are matched.

2022-10-24 19:01:46 - [TEST_STEP][PASSED] - click(findTestObject("E2E_KS_New_Loan_Application_Apply_Now_Seller_Auth/button_Shop_Seller_Auth_Confirm Authorization")): Object: 'Object Repository/E2E_KS_New_Loan_Application_Apply_Now_Seller_Auth/button_Shop_Seller_Auth_Confirm Authorization' is clicked on

2022-10-24 19:01:47 - [MESSAGE][PASSED] - Object: 'Object Repository/E2E_KS_New_Loan_Application_Apply_Now_Seller_Auth/button_Shop_Seller_Auth_Confirm Authorization' is clicked on

2022-10-24 19:01:47 - [TEST_STEP][PASSED] - waitForElementPresent(findTestObject("E2E_KS_New_Loan_Application_Apply_Now_Seller_Auth/message_The authorization is being processed"), 0): Object 'Object Repository/E2E_KS_New_Loan_Application_Apply_Now_Seller_Auth/message_The authorization is being processed' is present

2022-10-24 19:01:47 - [MESSAGE][WARNING] - Timeout '0' is invalid. Using default page load timeout: '30'

2022-10-24 19:01:47 - [MESSAGE][PASSED] - Object 'Object Repository/E2E_KS_New_Loan_Application_Apply_Now_Seller_Auth/message_The authorization is being processed' is present

2022-10-24 19:01:47 - [TEST_STEP][PASSED] - waitForElementPresent(findTestObject("E2E_KS_New_Loan_Application_Apply_Now_Seller_Auth/message_Authorization success"), 0): Object 'Object Repository/E2E_KS_New_Loan_Application_Apply_Now_Seller_Auth/message_Authorization success' is present

2022-10-24 19:01:47 - [MESSAGE][WARNING] - Timeout '0' is invalid. Using default page load timeout: '30'

2022-10-24 19:01:52 - [MESSAGE][PASSED] - Object 'Object Repository/E2E_KS_New_Loan_Application_Apply_Now_Seller_Auth/message_Authorization success' is present

2022-10-24 19:01:52 - [TEST_STEP][PASSED] - verifyElementPresent(findTestObject("E2E_KS_New_Loan_Application_Apply_Now_Seller_Auth/text_Shopee_Store_Information_Step1"), 0): Object 'Object Repository/E2E_KS_New_Loan_Application_Apply_Now_Seller_Auth/text_Shopee_Store_Information_Step1' is present

2022-10-24 19:01:52 - [MESSAGE][WARNING] - Timeout '0' is invalid. Using default page load timeout: '30'

2022-10-24 19:02:00 - [MESSAGE][PASSED] - Object 'Object Repository/E2E_KS_New_Loan_Application_Apply_Now_Seller_Auth/text_Shopee_Store_Information_Step1' is present]]></system-out>
         <system-err><![CDATA[]]></system-err>
      </testcase>
      <testcase name="Test Cases/E2E Test Cases/E2E_TC003_KS_New_Loan_Application_Step1" time="28.422" classname="Test Cases/E2E Test Cases/E2E_TC003_KS_New_Loan_Application_Step1" status="PASSED">
         <system-out><![CDATA[2022-10-24 19:02:00 - [TEST_CASE][PASSED] - Test Cases/E2E Test Cases/E2E_TC003_KS_New_Loan_Application_Step1: Test Cases/E2E Test Cases/E2E_TC003_KS_New_Loan_Application_Step1

2022-10-24 19:02:00 - [TEST_STEP][PASSED] - setText(findTestObject("E2E_KS_New_Loan_Application_Steps123/input_step1_Store_Name"), store_name_step1): Text 'KayamoStoreKo' is set on object 'Object Repository/E2E_KS_New_Loan_Application_Steps123/input_step1_Store_Name'

2022-10-24 19:02:01 - [MESSAGE][PASSED] - Text 'KayamoStoreKo' is set on object 'Object Repository/E2E_KS_New_Loan_Application_Steps123/input_step1_Store_Name'

2022-10-24 19:02:01 - [TEST_STEP][PASSED] - setText(findTestObject("E2E_KS_New_Loan_Application_Steps123/input_step1_Shop_URL"), shop_url_step1): Text 'https://shopee.ph/shop/888081090' is set on object 'Object Repository/E2E_KS_New_Loan_Application_Steps123/input_step1_Shop_URL'

2022-10-24 19:02:02 - [MESSAGE][PASSED] - Text 'https://shopee.ph/shop/888081090' is set on object 'Object Repository/E2E_KS_New_Loan_Application_Steps123/input_step1_Shop_URL'

2022-10-24 19:02:02 - [TEST_STEP][PASSED] - setText(findTestObject("E2E_KS_New_Loan_Application_Steps123/input_step1_Contact_Number"), contact_number_step1): Text '09813942373' is set on object 'Object Repository/E2E_KS_New_Loan_Application_Steps123/input_step1_Contact_Number'

2022-10-24 19:02:03 - [MESSAGE][PASSED] - Text '09813942373' is set on object 'Object Repository/E2E_KS_New_Loan_Application_Steps123/input_step1_Contact_Number'

2022-10-24 19:02:03 - [TEST_STEP][PASSED] - setText(findTestObject("E2E_KS_New_Loan_Application_Steps123/input_step1_Store_Email_Address"), store_email_address_step1): Text 'kayamotest01@gmail.com' is set on object 'Object Repository/E2E_KS_New_Loan_Application_Steps123/input_step1_Store_Email_Address'

2022-10-24 19:02:04 - [MESSAGE][PASSED] - Text 'kayamotest01@gmail.com' is set on object 'Object Repository/E2E_KS_New_Loan_Application_Steps123/input_step1_Store_Email_Address'

2022-10-24 19:02:04 - [TEST_STEP][PASSED] - click(findTestObject("E2E_KS_New_Loan_Application_Steps123/dropdown_step1_Store_City_Address")): Object: 'Object Repository/E2E_KS_New_Loan_Application_Steps123/dropdown_step1_Store_City_Address' is clicked on

2022-10-24 19:02:05 - [MESSAGE][PASSED] - Object: 'Object Repository/E2E_KS_New_Loan_Application_Steps123/dropdown_step1_Store_City_Address' is clicked on

2022-10-24 19:02:05 - [TEST_STEP][PASSED] - setText(findTestObject("E2E_KS_New_Loan_Application_Steps123/dropdown_input_step1_Store_City_Address"), store_city_address_step1): Text 'Aborlan' is set on object 'Object Repository/E2E_KS_New_Loan_Application_Steps123/dropdown_input_step1_Store_City_Address'

2022-10-24 19:02:06 - [MESSAGE][PASSED] - Text 'Aborlan' is set on object 'Object Repository/E2E_KS_New_Loan_Application_Steps123/dropdown_input_step1_Store_City_Address'

2022-10-24 19:02:06 - [TEST_STEP][PASSED] - click(findTestObject("E2E_KS_New_Loan_Application_Steps123/dropdown_select_step1_Store_City_Address")): Object: 'Object Repository/E2E_KS_New_Loan_Application_Steps123/dropdown_select_step1_Store_City_Address' is clicked on

2022-10-24 19:02:07 - [MESSAGE][PASSED] - Object: 'Object Repository/E2E_KS_New_Loan_Application_Steps123/dropdown_select_step1_Store_City_Address' is clicked on

2022-10-24 19:02:07 - [TEST_STEP][PASSED] - setText(findTestObject("E2E_KS_New_Loan_Application_Steps123/input_step1_Store_Complete_Address"), store_complete_address_step1): Text '87 Kayamo Street' is set on object 'Object Repository/E2E_KS_New_Loan_Application_Steps123/input_step1_Store_Complete_Address'

2022-10-24 19:02:08 - [MESSAGE][PASSED] - Text '87 Kayamo Street' is set on object 'Object Repository/E2E_KS_New_Loan_Application_Steps123/input_step1_Store_Complete_Address'

2022-10-24 19:02:08 - [TEST_STEP][PASSED] - click(findTestObject("E2E_KS_New_Loan_Application_Steps123/dropdown_step1_Warehouse_City_Address")): Object: 'Object Repository/E2E_KS_New_Loan_Application_Steps123/dropdown_step1_Warehouse_City_Address' is clicked on

2022-10-24 19:02:09 - [MESSAGE][PASSED] - Object: 'Object Repository/E2E_KS_New_Loan_Application_Steps123/dropdown_step1_Warehouse_City_Address' is clicked on

2022-10-24 19:02:09 - [TEST_STEP][PASSED] - setText(findTestObject("E2E_KS_New_Loan_Application_Steps123/dropdown_input_step1_Warehouse_City_Address"), warehouse_city_address_step1): Text 'Aborlan' is set on object 'Object Repository/E2E_KS_New_Loan_Application_Steps123/dropdown_input_step1_Warehouse_City_Address'

2022-10-24 19:02:10 - [MESSAGE][PASSED] - Text 'Aborlan' is set on object 'Object Repository/E2E_KS_New_Loan_Application_Steps123/dropdown_input_step1_Warehouse_City_Address'

2022-10-24 19:02:10 - [TEST_STEP][PASSED] - click(findTestObject("E2E_KS_New_Loan_Application_Steps123/dropdown_select_step1_Warehouse_City_Address")): Object: 'Object Repository/E2E_KS_New_Loan_Application_Steps123/dropdown_select_step1_Warehouse_City_Address' is clicked on

2022-10-24 19:02:10 - [MESSAGE][PASSED] - Object: 'Object Repository/E2E_KS_New_Loan_Application_Steps123/dropdown_select_step1_Warehouse_City_Address' is clicked on

2022-10-24 19:02:10 - [TEST_STEP][PASSED] - setText(findTestObject("E2E_KS_New_Loan_Application_Steps123/input_Warehouse Complete Address_warehouse__3115e9"), warehouse_complete_address_step1): Text '87 Kayamo Street' is set on object 'Object Repository/E2E_KS_New_Loan_Application_Steps123/input_Warehouse Complete Address_warehouse__3115e9'

2022-10-24 19:02:11 - [MESSAGE][PASSED] - Text '87 Kayamo Street' is set on object 'Object Repository/E2E_KS_New_Loan_Application_Steps123/input_Warehouse Complete Address_warehouse__3115e9'

2022-10-24 19:02:11 - [TEST_STEP][PASSED] - uploadFile(findTestObject("E2E_KS_New_Loan_Application_Steps123/attachment_step1_upload_proof_of_billing"), attachment_path_file_step1): File '/Users/carlcarriedo/git/kayamo-automation/Data Files/Attachments for Loan Application/newloanattachment.png' sent to object: 'Object Repository/E2E_KS_New_Loan_Application_Steps123/attachment_step1_upload_proof_of_billing'

2022-10-24 19:02:12 - [MESSAGE][PASSED] - File '/Users/carlcarriedo/git/kayamo-automation/Data Files/Attachments for Loan Application/newloanattachment.png' sent to object: 'Object Repository/E2E_KS_New_Loan_Application_Steps123/attachment_step1_upload_proof_of_billing'

2022-10-24 19:02:12 - [TEST_STEP][PASSED] - delay(15): Delayed 15 second(s)

2022-10-24 19:02:27 - [MESSAGE][PASSED] - Delayed 15 second(s)

2022-10-24 19:02:27 - [TEST_STEP][PASSED] - click(findTestObject("E2E_KS_New_Loan_Application_Steps123/button_step1_Next")): Object: 'Object Repository/E2E_KS_New_Loan_Application_Steps123/button_step1_Next' is clicked on

2022-10-24 19:02:28 - [MESSAGE][PASSED] - Object: 'Object Repository/E2E_KS_New_Loan_Application_Steps123/button_step1_Next' is clicked on

2022-10-24 19:02:28 - [TEST_STEP][PASSED] - if (!(verifyElementText(findTestObject("E2E_KS_New_Loan_Application_Steps123/message_success"), "success", STOP_ON_FAILURE))): Actual text and expected text of test object 'Object Repository/E2E_KS_New_Loan_Application_Steps123/message_success' are matched.

2022-10-24 19:02:28 - [MESSAGE][PASSED] - Actual text and expected text of test object 'Object Repository/E2E_KS_New_Loan_Application_Steps123/message_success' are matched.]]></system-out>
         <system-err><![CDATA[]]></system-err>
      </testcase>
      <system-out><![CDATA[2022-10-24 19:00:18 - [TEST_SUITE][PASSED] - E2E_TS001_New_Loan_Application: Test Cases/E2E Test Cases/E2E_TC003_KS_New_Loan_Application_Step1]]></system-out>
      <system-err><![CDATA[]]></system-err>
   </testsuite>
</testsuites>
